2017-04-13 10:12:18  array (
  'code' => 'alipaywap',
  'total_amount' => '0.02',
  'buyer_id' => '2088702006857072',
  'trade_no' => '2017041221001004070202688842',
  'body' => 'test',
  'notify_time' => '2017-04-13 00:03:47',
  'subject' => '2017041244713',
  'sign_type' => 'RSA',
  'buyer_logon_id' => 'ton***@163.com',
  'auth_app_id' => '2017040506559385',
  'charset' => 'UTF-8',
  'notify_type' => 'trade_status_sync',
  'invoice_amount' => '0.02',
  'out_trade_no' => '2017041244713158',
  'trade_status' => 'TRADE_SUCCESS',
  'gmt_payment' => '2017-04-12 23:57:04',
  'version' => '1.0',
  'point_amount' => '0.00',
  'sign' => 'sr1ntdsJn6Tg3qwcAn+V1uqUrY0kTdXSsTYg4/vNHQv04PuKgvgTYBSZNY5XBEJrc218uqYqdq6vecUU9UwVlDIF+iPDSSRJVwMWahLN1ZndI+6M5XzmRI9TBJ8nIbvRReTai4qRWZa4YFaJvkpFVWkJtfVoywAQGS0BVKtLbKI=',
  'gmt_create' => '2017-04-12 23:57:04',
  'buyer_pay_amount' => '0.02',
  'receipt_amount' => '0.02',
  'fund_bill_list' => '[{\\"amount\\":\\"0.02\\",\\"fundChannel\\":\\"ALIPAYACCOUNT\\"}]',
  'app_id' => '2017040506559385',
  'seller_id' => '2088121905285245',
  'notify_id' => 'b3d0a4f24e63f84512afc0d9a7a1817gji',
  'seller_email' => 'zztt_zwzx@163.com',
)
2017-04-13 10:12:20  array (
  'code' => 'alipaywap',
  'total_amount' => '0.02',
  'buyer_id' => '2088702006857072',
  'trade_no' => '2017041221001004070202688842',
  'body' => 'test',
  'notify_time' => '2017-04-13 00:03:47',
  'subject' => '2017041244713',
  'sign_type' => 'RSA',
  'buyer_logon_id' => 'ton***@163.com',
  'auth_app_id' => '2017040506559385',
  'charset' => 'UTF-8',
  'notify_type' => 'trade_status_sync',
  'invoice_amount' => '0.02',
  'out_trade_no' => '2017041244713158',
  'trade_status' => 'TRADE_SUCCESS',
  'gmt_payment' => '2017-04-12 23:57:04',
  'version' => '1.0',
  'point_amount' => '0.00',
  'sign' => 'sr1ntdsJn6Tg3qwcAn+V1uqUrY0kTdXSsTYg4/vNHQv04PuKgvgTYBSZNY5XBEJrc218uqYqdq6vecUU9UwVlDIF+iPDSSRJVwMWahLN1ZndI+6M5XzmRI9TBJ8nIbvRReTai4qRWZa4YFaJvkpFVWkJtfVoywAQGS0BVKtLbKI=',
  'gmt_create' => '2017-04-12 23:57:04',
  'buyer_pay_amount' => '0.02',
  'receipt_amount' => '0.02',
  'fund_bill_list' => '[{\\"amount\\":\\"0.02\\",\\"fundChannel\\":\\"ALIPAYACCOUNT\\"}]',
  'app_id' => '2017040506559385',
  'seller_id' => '2088121905285245',
  'notify_id' => 'b3d0a4f24e63f84512afc0d9a7a1817gji',
  'seller_email' => 'zztt_zwzx@163.com',
)
2017-04-13 10:12:48  array (
  'code' => 'alipaywap',
  'total_amount' => '0.02',
  'buyer_id' => '2088702006857072',
  'trade_no' => '2017041221001004070202688842',
  'body' => 'test',
  'notify_time' => '2017-04-13 00:03:47',
  'subject' => '2017041244713',
  'sign_type' => 'RSA',
  'buyer_logon_id' => 'ton***@163.com',
  'auth_app_id' => '2017040506559385',
  'charset' => 'UTF-8',
  'notify_type' => 'trade_status_sync',
  'invoice_amount' => '0.02',
  'out_trade_no' => '2017041244713158',
  'trade_status' => 'TRADE_SUCCESS',
  'gmt_payment' => '2017-04-12 23:57:04',
  'version' => '1.0',
  'point_amount' => '0.00',
  'sign' => 'sr1ntdsJn6Tg3qwcAn+V1uqUrY0kTdXSsTYg4/vNHQv04PuKgvgTYBSZNY5XBEJrc218uqYqdq6vecUU9UwVlDIF+iPDSSRJVwMWahLN1ZndI+6M5XzmRI9TBJ8nIbvRReTai4qRWZa4YFaJvkpFVWkJtfVoywAQGS0BVKtLbKI=',
  'gmt_create' => '2017-04-12 23:57:04',
  'buyer_pay_amount' => '0.02',
  'receipt_amount' => '0.02',
  'fund_bill_list' => '[{\\"amount\\":\\"0.02\\",\\"fundChannel\\":\\"ALIPAYACCOUNT\\"}]',
  'app_id' => '2017040506559385',
  'seller_id' => '2088121905285245',
  'notify_id' => 'b3d0a4f24e63f84512afc0d9a7a1817gji',
  'seller_email' => 'zztt_zwzx@163.com',
)
2017-04-13 10:13:36  array (
  'code' => 'alipaywap',
  'total_amount' => '0.02',
  'buyer_id' => '2088702006857072',
  'trade_no' => '2017041221001004070202688842',
  'body' => 'test',
  'notify_time' => '2017-04-13 00:03:47',
  'subject' => '2017041244713',
  'sign_type' => 'RSA',
  'buyer_logon_id' => 'ton***@163.com',
  'auth_app_id' => '2017040506559385',
  'charset' => 'UTF-8',
  'notify_type' => 'trade_status_sync',
  'invoice_amount' => '0.02',
  'out_trade_no' => '2017041244713158',
  'trade_status' => 'TRADE_SUCCESS',
  'gmt_payment' => '2017-04-12 23:57:04',
  'version' => '1.0',
  'point_amount' => '0.00',
  'sign' => 'sr1ntdsJn6Tg3qwcAn+V1uqUrY0kTdXSsTYg4/vNHQv04PuKgvgTYBSZNY5XBEJrc218uqYqdq6vecUU9UwVlDIF+iPDSSRJVwMWahLN1ZndI+6M5XzmRI9TBJ8nIbvRReTai4qRWZa4YFaJvkpFVWkJtfVoywAQGS0BVKtLbKI=',
  'gmt_create' => '2017-04-12 23:57:04',
  'buyer_pay_amount' => '0.02',
  'receipt_amount' => '0.02',
  'fund_bill_list' => '[{\\"amount\\":\\"0.02\\",\\"fundChannel\\":\\"ALIPAYACCOUNT\\"}]',
  'app_id' => '2017040506559385',
  'seller_id' => '2088121905285245',
  'notify_id' => 'b3d0a4f24e63f84512afc0d9a7a1817gji',
  'seller_email' => 'zztt_zwzx@163.com',
)
2017-04-13 10:16:59  array (
  'code' => 'alipaywap',
  'total_amount' => '0.02',
  'buyer_id' => '2088702006857072',
  'trade_no' => '2017041221001004070202688842',
  'body' => 'test',
  'notify_time' => '2017-04-13 00:03:47',
  'subject' => '2017041244713',
  'sign_type' => 'RSA',
  'buyer_logon_id' => 'ton***@163.com',
  'auth_app_id' => '2017040506559385',
  'charset' => 'UTF-8',
  'notify_type' => 'trade_status_sync',
  'invoice_amount' => '0.02',
  'out_trade_no' => '2017041244713158',
  'trade_status' => 'TRADE_SUCCESS',
  'gmt_payment' => '2017-04-12 23:57:04',
  'version' => '1.0',
  'point_amount' => '0.00',
  'sign' => 'sr1ntdsJn6Tg3qwcAn+V1uqUrY0kTdXSsTYg4/vNHQv04PuKgvgTYBSZNY5XBEJrc218uqYqdq6vecUU9UwVlDIF+iPDSSRJVwMWahLN1ZndI+6M5XzmRI9TBJ8nIbvRReTai4qRWZa4YFaJvkpFVWkJtfVoywAQGS0BVKtLbKI=',
  'gmt_create' => '2017-04-12 23:57:04',
  'buyer_pay_amount' => '0.02',
  'receipt_amount' => '0.02',
  'fund_bill_list' => '[{\\"amount\\":\\"0.02\\",\\"fundChannel\\":\\"ALIPAYACCOUNT\\"}]',
  'app_id' => '2017040506559385',
  'seller_id' => '2088121905285245',
  'notify_id' => 'b3d0a4f24e63f84512afc0d9a7a1817gji',
  'seller_email' => 'zztt_zwzx@163.com',
)
2017-04-13 10:19:11  array (
  'code' => 'alipaywap',
  'total_amount' => '0.02',
  'buyer_id' => '2088702006857072',
  'trade_no' => '2017041221001004070202688842',
  'body' => 'test',
  'notify_time' => '2017-04-13 00:03:47',
  'subject' => '2017041244713',
  'sign_type' => 'RSA',
  'buyer_logon_id' => 'ton***@163.com',
  'auth_app_id' => '2017040506559385',
  'charset' => 'UTF-8',
  'notify_type' => 'trade_status_sync',
  'invoice_amount' => '0.02',
  'out_trade_no' => '2017041244713158',
  'trade_status' => 'TRADE_SUCCESS',
  'gmt_payment' => '2017-04-12 23:57:04',
  'version' => '1.0',
  'point_amount' => '0.00',
  'sign' => 'sr1ntdsJn6Tg3qwcAn+V1uqUrY0kTdXSsTYg4/vNHQv04PuKgvgTYBSZNY5XBEJrc218uqYqdq6vecUU9UwVlDIF+iPDSSRJVwMWahLN1ZndI+6M5XzmRI9TBJ8nIbvRReTai4qRWZa4YFaJvkpFVWkJtfVoywAQGS0BVKtLbKI=',
  'gmt_create' => '2017-04-12 23:57:04',
  'buyer_pay_amount' => '0.02',
  'receipt_amount' => '0.02',
  'fund_bill_list' => '[{\\"amount\\":\\"0.02\\",\\"fundChannel\\":\\"ALIPAYACCOUNT\\"}]',
  'app_id' => '2017040506559385',
  'seller_id' => '2088121905285245',
  'notify_id' => 'b3d0a4f24e63f84512afc0d9a7a1817gji',
  'seller_email' => 'zztt_zwzx@163.com',
)
2017-04-13 10:19:20  array (
  'code' => 'alipaywap',
  'total_amount' => '0.02',
  'buyer_id' => '2088702006857072',
  'trade_no' => '2017041221001004070202688842',
  'body' => 'test',
  'notify_time' => '2017-04-13 00:03:47',
  'subject' => '2017041244713',
  'sign_type' => 'RSA',
  'buyer_logon_id' => 'ton***@163.com',
  'auth_app_id' => '2017040506559385',
  'charset' => 'UTF-8',
  'notify_type' => 'trade_status_sync',
  'invoice_amount' => '0.02',
  'out_trade_no' => '2017041244713158',
  'trade_status' => 'TRADE_SUCCESS',
  'gmt_payment' => '2017-04-12 23:57:04',
  'version' => '1.0',
  'point_amount' => '0.00',
  'sign' => 'sr1ntdsJn6Tg3qwcAn+V1uqUrY0kTdXSsTYg4/vNHQv04PuKgvgTYBSZNY5XBEJrc218uqYqdq6vecUU9UwVlDIF+iPDSSRJVwMWahLN1ZndI+6M5XzmRI9TBJ8nIbvRReTai4qRWZa4YFaJvkpFVWkJtfVoywAQGS0BVKtLbKI=',
  'gmt_create' => '2017-04-12 23:57:04',
  'buyer_pay_amount' => '0.02',
  'receipt_amount' => '0.02',
  'fund_bill_list' => '[{\\"amount\\":\\"0.02\\",\\"fundChannel\\":\\"ALIPAYACCOUNT\\"}]',
  'app_id' => '2017040506559385',
  'seller_id' => '2088121905285245',
  'notify_id' => 'b3d0a4f24e63f84512afc0d9a7a1817gji',
  'seller_email' => 'zztt_zwzx@163.com',
)
2017-04-13 10:19:20  array (
  'code' => 'alipaywap',
  'total_amount' => '0.02',
  'buyer_id' => '2088702006857072',
  'trade_no' => '2017041221001004070202688842',
  'body' => 'test',
  'notify_time' => '2017-04-13 00:03:47',
  'subject' => '2017041244713',
  'sign_type' => 'RSA',
  'buyer_logon_id' => 'ton***@163.com',
  'auth_app_id' => '2017040506559385',
  'charset' => 'UTF-8',
  'notify_type' => 'trade_status_sync',
  'invoice_amount' => '0.02',
  'out_trade_no' => '2017041244713158',
  'trade_status' => 'TRADE_SUCCESS',
  'gmt_payment' => '2017-04-12 23:57:04',
  'version' => '1.0',
  'point_amount' => '0.00',
  'sign' => 'sr1ntdsJn6Tg3qwcAn+V1uqUrY0kTdXSsTYg4/vNHQv04PuKgvgTYBSZNY5XBEJrc218uqYqdq6vecUU9UwVlDIF+iPDSSRJVwMWahLN1ZndI+6M5XzmRI9TBJ8nIbvRReTai4qRWZa4YFaJvkpFVWkJtfVoywAQGS0BVKtLbKI=',
  'gmt_create' => '2017-04-12 23:57:04',
  'buyer_pay_amount' => '0.02',
  'receipt_amount' => '0.02',
  'fund_bill_list' => '[{\\"amount\\":\\"0.02\\",\\"fundChannel\\":\\"ALIPAYACCOUNT\\"}]',
  'app_id' => '2017040506559385',
  'seller_id' => '2088121905285245',
  'notify_id' => 'b3d0a4f24e63f84512afc0d9a7a1817gji',
  'seller_email' => 'zztt_zwzx@163.com',
)
2017-04-13 10:19:35  array (
  'code' => 'alipaywap',
  'total_amount' => '0.02',
  'buyer_id' => '2088702006857072',
  'trade_no' => '2017041221001004070202688842',
  'body' => 'test',
  'notify_time' => '2017-04-13 00:03:47',
  'subject' => '2017041244713',
  'sign_type' => 'RSA',
  'buyer_logon_id' => 'ton***@163.com',
  'auth_app_id' => '2017040506559385',
  'charset' => 'UTF-8',
  'notify_type' => 'trade_status_sync',
  'invoice_amount' => '0.02',
  'out_trade_no' => '2017041244713158',
  'trade_status' => 'TRADE_SUCCESS',
  'gmt_payment' => '2017-04-12 23:57:04',
  'version' => '1.0',
  'point_amount' => '0.00',
  'sign' => 'sr1ntdsJn6Tg3qwcAn+V1uqUrY0kTdXSsTYg4/vNHQv04PuKgvgTYBSZNY5XBEJrc218uqYqdq6vecUU9UwVlDIF+iPDSSRJVwMWahLN1ZndI+6M5XzmRI9TBJ8nIbvRReTai4qRWZa4YFaJvkpFVWkJtfVoywAQGS0BVKtLbKI=',
  'gmt_create' => '2017-04-12 23:57:04',
  'buyer_pay_amount' => '0.02',
  'receipt_amount' => '0.02',
  'fund_bill_list' => '[{\\"amount\\":\\"0.02\\",\\"fundChannel\\":\\"ALIPAYACCOUNT\\"}]',
  'app_id' => '2017040506559385',
  'seller_id' => '2088121905285245',
  'notify_id' => 'b3d0a4f24e63f84512afc0d9a7a1817gji',
  'seller_email' => 'zztt_zwzx@163.com',
)
2017-04-13 10:21:18  array (
  'code' => 'alipaywap',
  'total_amount' => '0.02',
  'buyer_id' => '2088702006857072',
  'trade_no' => '2017041221001004070202688842',
  'body' => 'test',
  'notify_time' => '2017-04-13 00:03:47',
  'subject' => '2017041244713',
  'sign_type' => 'RSA',
  'buyer_logon_id' => 'ton***@163.com',
  'auth_app_id' => '2017040506559385',
  'charset' => 'UTF-8',
  'notify_type' => 'trade_status_sync',
  'invoice_amount' => '0.02',
  'out_trade_no' => '2017041244713158',
  'trade_status' => 'TRADE_SUCCESS',
  'gmt_payment' => '2017-04-12 23:57:04',
  'version' => '1.0',
  'point_amount' => '0.00',
  'sign' => 'sr1ntdsJn6Tg3qwcAn+V1uqUrY0kTdXSsTYg4/vNHQv04PuKgvgTYBSZNY5XBEJrc218uqYqdq6vecUU9UwVlDIF+iPDSSRJVwMWahLN1ZndI+6M5XzmRI9TBJ8nIbvRReTai4qRWZa4YFaJvkpFVWkJtfVoywAQGS0BVKtLbKI=',
  'gmt_create' => '2017-04-12 23:57:04',
  'buyer_pay_amount' => '0.02',
  'receipt_amount' => '0.02',
  'fund_bill_list' => '[{\\"amount\\":\\"0.02\\",\\"fundChannel\\":\\"ALIPAYACCOUNT\\"}]',
  'app_id' => '2017040506559385',
  'seller_id' => '2088121905285245',
  'notify_id' => 'b3d0a4f24e63f84512afc0d9a7a1817gji',
  'seller_email' => 'zztt_zwzx@163.com',
)
2017-04-13 10:21:45  array (
  'code' => 'alipaywap',
  'total_amount' => '0.02',
  'buyer_id' => '2088702006857072',
  'trade_no' => '2017041221001004070202688842',
  'body' => 'test',
  'notify_time' => '2017-04-13 00:03:47',
  'subject' => '2017041244713',
  'sign_type' => 'RSA',
  'buyer_logon_id' => 'ton***@163.com',
  'auth_app_id' => '2017040506559385',
  'charset' => 'UTF-8',
  'notify_type' => 'trade_status_sync',
  'invoice_amount' => '0.02',
  'out_trade_no' => '2017041244713158',
  'trade_status' => 'TRADE_SUCCESS',
  'gmt_payment' => '2017-04-12 23:57:04',
  'version' => '1.0',
  'point_amount' => '0.00',
  'sign' => 'sr1ntdsJn6Tg3qwcAn+V1uqUrY0kTdXSsTYg4/vNHQv04PuKgvgTYBSZNY5XBEJrc218uqYqdq6vecUU9UwVlDIF+iPDSSRJVwMWahLN1ZndI+6M5XzmRI9TBJ8nIbvRReTai4qRWZa4YFaJvkpFVWkJtfVoywAQGS0BVKtLbKI=',
  'gmt_create' => '2017-04-12 23:57:04',
  'buyer_pay_amount' => '0.02',
  'receipt_amount' => '0.02',
  'fund_bill_list' => '[{\\"amount\\":\\"0.02\\",\\"fundChannel\\":\\"ALIPAYACCOUNT\\"}]',
  'app_id' => '2017040506559385',
  'seller_id' => '2088121905285245',
  'notify_id' => 'b3d0a4f24e63f84512afc0d9a7a1817gji',
  'seller_email' => 'zztt_zwzx@163.com',
)
2017-04-13 10:21:45  array (
  'code' => 'alipaywap',
  'total_amount' => '0.02',
  'buyer_id' => '2088702006857072',
  'trade_no' => '2017041221001004070202688842',
  'body' => 'test',
  'notify_time' => '2017-04-13 00:03:47',
  'subject' => '2017041244713',
  'sign_type' => 'RSA',
  'buyer_logon_id' => 'ton***@163.com',
  'auth_app_id' => '2017040506559385',
  'charset' => 'UTF-8',
  'notify_type' => 'trade_status_sync',
  'invoice_amount' => '0.02',
  'out_trade_no' => '2017041244713158',
  'trade_status' => 'TRADE_SUCCESS',
  'gmt_payment' => '2017-04-12 23:57:04',
  'version' => '1.0',
  'point_amount' => '0.00',
  'sign' => 'sr1ntdsJn6Tg3qwcAn+V1uqUrY0kTdXSsTYg4/vNHQv04PuKgvgTYBSZNY5XBEJrc218uqYqdq6vecUU9UwVlDIF+iPDSSRJVwMWahLN1ZndI+6M5XzmRI9TBJ8nIbvRReTai4qRWZa4YFaJvkpFVWkJtfVoywAQGS0BVKtLbKI=',
  'gmt_create' => '2017-04-12 23:57:04',
  'buyer_pay_amount' => '0.02',
  'receipt_amount' => '0.02',
  'fund_bill_list' => '[{\\"amount\\":\\"0.02\\",\\"fundChannel\\":\\"ALIPAYACCOUNT\\"}]',
  'app_id' => '2017040506559385',
  'seller_id' => '2088121905285245',
  'notify_id' => 'b3d0a4f24e63f84512afc0d9a7a1817gji',
  'seller_email' => 'zztt_zwzx@163.com',
)
2017-04-13 10:21:59  array (
  'code' => 'alipaywap',
  'total_amount' => '0.02',
  'buyer_id' => '2088702006857072',
  'trade_no' => '2017041221001004070202688842',
  'body' => 'test',
  'notify_time' => '2017-04-13 00:03:47',
  'subject' => '2017041244713',
  'sign_type' => 'RSA',
  'buyer_logon_id' => 'ton***@163.com',
  'auth_app_id' => '2017040506559385',
  'charset' => 'UTF-8',
  'notify_type' => 'trade_status_sync',
  'invoice_amount' => '0.02',
  'out_trade_no' => '2017041244713158',
  'trade_status' => 'TRADE_SUCCESS',
  'gmt_payment' => '2017-04-12 23:57:04',
  'version' => '1.0',
  'point_amount' => '0.00',
  'sign' => 'sr1ntdsJn6Tg3qwcAn+V1uqUrY0kTdXSsTYg4/vNHQv04PuKgvgTYBSZNY5XBEJrc218uqYqdq6vecUU9UwVlDIF+iPDSSRJVwMWahLN1ZndI+6M5XzmRI9TBJ8nIbvRReTai4qRWZa4YFaJvkpFVWkJtfVoywAQGS0BVKtLbKI=',
  'gmt_create' => '2017-04-12 23:57:04',
  'buyer_pay_amount' => '0.02',
  'receipt_amount' => '0.02',
  'fund_bill_list' => '[{\\"amount\\":\\"0.02\\",\\"fundChannel\\":\\"ALIPAYACCOUNT\\"}]',
  'app_id' => '2017040506559385',
  'seller_id' => '2088121905285245',
  'notify_id' => 'b3d0a4f24e63f84512afc0d9a7a1817gji',
  'seller_email' => 'zztt_zwzx@163.com',
)
2017-04-13 10:22:00  array (
  'code' => 'alipaywap',
  'total_amount' => '0.02',
  'buyer_id' => '2088702006857072',
  'trade_no' => '2017041221001004070202688842',
  'body' => 'test',
  'notify_time' => '2017-04-13 00:03:47',
  'subject' => '2017041244713',
  'sign_type' => 'RSA',
  'buyer_logon_id' => 'ton***@163.com',
  'auth_app_id' => '2017040506559385',
  'charset' => 'UTF-8',
  'notify_type' => 'trade_status_sync',
  'invoice_amount' => '0.02',
  'out_trade_no' => '2017041244713158',
  'trade_status' => 'TRADE_SUCCESS',
  'gmt_payment' => '2017-04-12 23:57:04',
  'version' => '1.0',
  'point_amount' => '0.00',
  'sign' => 'sr1ntdsJn6Tg3qwcAn+V1uqUrY0kTdXSsTYg4/vNHQv04PuKgvgTYBSZNY5XBEJrc218uqYqdq6vecUU9UwVlDIF+iPDSSRJVwMWahLN1ZndI+6M5XzmRI9TBJ8nIbvRReTai4qRWZa4YFaJvkpFVWkJtfVoywAQGS0BVKtLbKI=',
  'gmt_create' => '2017-04-12 23:57:04',
  'buyer_pay_amount' => '0.02',
  'receipt_amount' => '0.02',
  'fund_bill_list' => '[{\\"amount\\":\\"0.02\\",\\"fundChannel\\":\\"ALIPAYACCOUNT\\"}]',
  'app_id' => '2017040506559385',
  'seller_id' => '2088121905285245',
  'notify_id' => 'b3d0a4f24e63f84512afc0d9a7a1817gji',
  'seller_email' => 'zztt_zwzx@163.com',
)
2017-04-13 10:22:14  array (
  'code' => 'alipaywap',
  'total_amount' => '0.02',
  'buyer_id' => '2088702006857072',
  'trade_no' => '2017041221001004070202688842',
  'body' => 'test',
  'notify_time' => '2017-04-13 00:03:47',
  'subject' => '2017041244713',
  'sign_type' => 'RSA',
  'buyer_logon_id' => 'ton***@163.com',
  'auth_app_id' => '2017040506559385',
  'charset' => 'UTF-8',
  'notify_type' => 'trade_status_sync',
  'invoice_amount' => '0.02',
  'out_trade_no' => '2017041244713158',
  'trade_status' => 'TRADE_SUCCESS',
  'gmt_payment' => '2017-04-12 23:57:04',
  'version' => '1.0',
  'point_amount' => '0.00',
  'sign' => 'sr1ntdsJn6Tg3qwcAn+V1uqUrY0kTdXSsTYg4/vNHQv04PuKgvgTYBSZNY5XBEJrc218uqYqdq6vecUU9UwVlDIF+iPDSSRJVwMWahLN1ZndI+6M5XzmRI9TBJ8nIbvRReTai4qRWZa4YFaJvkpFVWkJtfVoywAQGS0BVKtLbKI=',
  'gmt_create' => '2017-04-12 23:57:04',
  'buyer_pay_amount' => '0.02',
  'receipt_amount' => '0.02',
  'fund_bill_list' => '[{\\"amount\\":\\"0.02\\",\\"fundChannel\\":\\"ALIPAYACCOUNT\\"}]',
  'app_id' => '2017040506559385',
  'seller_id' => '2088121905285245',
  'notify_id' => 'b3d0a4f24e63f84512afc0d9a7a1817gji',
  'seller_email' => 'zztt_zwzx@163.com',
)
2017-04-13 10:22:14  array (
  'code' => 'alipaywap',
  'total_amount' => '0.02',
  'buyer_id' => '2088702006857072',
  'trade_no' => '2017041221001004070202688842',
  'body' => 'test',
  'notify_time' => '2017-04-13 00:03:47',
  'subject' => '2017041244713',
  'sign_type' => 'RSA',
  'buyer_logon_id' => 'ton***@163.com',
  'auth_app_id' => '2017040506559385',
  'charset' => 'UTF-8',
  'notify_type' => 'trade_status_sync',
  'invoice_amount' => '0.02',
  'out_trade_no' => '2017041244713158',
  'trade_status' => 'TRADE_SUCCESS',
  'gmt_payment' => '2017-04-12 23:57:04',
  'version' => '1.0',
  'point_amount' => '0.00',
  'sign' => 'sr1ntdsJn6Tg3qwcAn+V1uqUrY0kTdXSsTYg4/vNHQv04PuKgvgTYBSZNY5XBEJrc218uqYqdq6vecUU9UwVlDIF+iPDSSRJVwMWahLN1ZndI+6M5XzmRI9TBJ8nIbvRReTai4qRWZa4YFaJvkpFVWkJtfVoywAQGS0BVKtLbKI=',
  'gmt_create' => '2017-04-12 23:57:04',
  'buyer_pay_amount' => '0.02',
  'receipt_amount' => '0.02',
  'fund_bill_list' => '[{\\"amount\\":\\"0.02\\",\\"fundChannel\\":\\"ALIPAYACCOUNT\\"}]',
  'app_id' => '2017040506559385',
  'seller_id' => '2088121905285245',
  'notify_id' => 'b3d0a4f24e63f84512afc0d9a7a1817gji',
  'seller_email' => 'zztt_zwzx@163.com',
)
2017-04-13 10:22:35  array (
  'code' => 'alipaywap',
  'total_amount' => '0.02',
  'buyer_id' => '2088702006857072',
  'trade_no' => '2017041221001004070202688842',
  'body' => 'test',
  'notify_time' => '2017-04-13 00:03:47',
  'subject' => '2017041244713',
  'sign_type' => 'RSA',
  'buyer_logon_id' => 'ton***@163.com',
  'auth_app_id' => '2017040506559385',
  'charset' => 'UTF-8',
  'notify_type' => 'trade_status_sync',
  'invoice_amount' => '0.02',
  'out_trade_no' => '2017041244713158',
  'trade_status' => 'TRADE_SUCCESS',
  'gmt_payment' => '2017-04-12 23:57:04',
  'version' => '1.0',
  'point_amount' => '0.00',
  'sign' => 'sr1ntdsJn6Tg3qwcAn+V1uqUrY0kTdXSsTYg4/vNHQv04PuKgvgTYBSZNY5XBEJrc218uqYqdq6vecUU9UwVlDIF+iPDSSRJVwMWahLN1ZndI+6M5XzmRI9TBJ8nIbvRReTai4qRWZa4YFaJvkpFVWkJtfVoywAQGS0BVKtLbKI=',
  'gmt_create' => '2017-04-12 23:57:04',
  'buyer_pay_amount' => '0.02',
  'receipt_amount' => '0.02',
  'fund_bill_list' => '[{\\"amount\\":\\"0.02\\",\\"fundChannel\\":\\"ALIPAYACCOUNT\\"}]',
  'app_id' => '2017040506559385',
  'seller_id' => '2088121905285245',
  'notify_id' => 'b3d0a4f24e63f84512afc0d9a7a1817gji',
  'seller_email' => 'zztt_zwzx@163.com',
)
2017-04-13 10:22:35  array (
  'code' => 'alipaywap',
  'total_amount' => '0.02',
  'buyer_id' => '2088702006857072',
  'trade_no' => '2017041221001004070202688842',
  'body' => 'test',
  'notify_time' => '2017-04-13 00:03:47',
  'subject' => '2017041244713',
  'sign_type' => 'RSA',
  'buyer_logon_id' => 'ton***@163.com',
  'auth_app_id' => '2017040506559385',
  'charset' => 'UTF-8',
  'notify_type' => 'trade_status_sync',
  'invoice_amount' => '0.02',
  'out_trade_no' => '2017041244713158',
  'trade_status' => 'TRADE_SUCCESS',
  'gmt_payment' => '2017-04-12 23:57:04',
  'version' => '1.0',
  'point_amount' => '0.00',
  'sign' => 'sr1ntdsJn6Tg3qwcAn+V1uqUrY0kTdXSsTYg4/vNHQv04PuKgvgTYBSZNY5XBEJrc218uqYqdq6vecUU9UwVlDIF+iPDSSRJVwMWahLN1ZndI+6M5XzmRI9TBJ8nIbvRReTai4qRWZa4YFaJvkpFVWkJtfVoywAQGS0BVKtLbKI=',
  'gmt_create' => '2017-04-12 23:57:04',
  'buyer_pay_amount' => '0.02',
  'receipt_amount' => '0.02',
  'fund_bill_list' => '[{\\"amount\\":\\"0.02\\",\\"fundChannel\\":\\"ALIPAYACCOUNT\\"}]',
  'app_id' => '2017040506559385',
  'seller_id' => '2088121905285245',
  'notify_id' => 'b3d0a4f24e63f84512afc0d9a7a1817gji',
  'seller_email' => 'zztt_zwzx@163.com',
)
2017-04-13 10:22:45  array (
  'code' => 'alipaywap',
  'total_amount' => '0.02',
  'buyer_id' => '2088702006857072',
  'trade_no' => '2017041221001004070202688842',
  'body' => 'test',
  'notify_time' => '2017-04-13 00:03:47',
  'subject' => '2017041244713',
  'sign_type' => 'RSA',
  'buyer_logon_id' => 'ton***@163.com',
  'auth_app_id' => '2017040506559385',
  'charset' => 'UTF-8',
  'notify_type' => 'trade_status_sync',
  'invoice_amount' => '0.02',
  'out_trade_no' => '2017041244713158',
  'trade_status' => 'TRADE_SUCCESS',
  'gmt_payment' => '2017-04-12 23:57:04',
  'version' => '1.0',
  'point_amount' => '0.00',
  'sign' => 'sr1ntdsJn6Tg3qwcAn+V1uqUrY0kTdXSsTYg4/vNHQv04PuKgvgTYBSZNY5XBEJrc218uqYqdq6vecUU9UwVlDIF+iPDSSRJVwMWahLN1ZndI+6M5XzmRI9TBJ8nIbvRReTai4qRWZa4YFaJvkpFVWkJtfVoywAQGS0BVKtLbKI=',
  'gmt_create' => '2017-04-12 23:57:04',
  'buyer_pay_amount' => '0.02',
  'receipt_amount' => '0.02',
  'fund_bill_list' => '[{\\"amount\\":\\"0.02\\",\\"fundChannel\\":\\"ALIPAYACCOUNT\\"}]',
  'app_id' => '2017040506559385',
  'seller_id' => '2088121905285245',
  'notify_id' => 'b3d0a4f24e63f84512afc0d9a7a1817gji',
  'seller_email' => 'zztt_zwzx@163.com',
)
2017-04-13 10:22:46  array (
  'code' => 'alipaywap',
  'total_amount' => '0.02',
  'buyer_id' => '2088702006857072',
  'trade_no' => '2017041221001004070202688842',
  'body' => 'test',
  'notify_time' => '2017-04-13 00:03:47',
  'subject' => '2017041244713',
  'sign_type' => 'RSA',
  'buyer_logon_id' => 'ton***@163.com',
  'auth_app_id' => '2017040506559385',
  'charset' => 'UTF-8',
  'notify_type' => 'trade_status_sync',
  'invoice_amount' => '0.02',
  'out_trade_no' => '2017041244713158',
  'trade_status' => 'TRADE_SUCCESS',
  'gmt_payment' => '2017-04-12 23:57:04',
  'version' => '1.0',
  'point_amount' => '0.00',
  'sign' => 'sr1ntdsJn6Tg3qwcAn+V1uqUrY0kTdXSsTYg4/vNHQv04PuKgvgTYBSZNY5XBEJrc218uqYqdq6vecUU9UwVlDIF+iPDSSRJVwMWahLN1ZndI+6M5XzmRI9TBJ8nIbvRReTai4qRWZa4YFaJvkpFVWkJtfVoywAQGS0BVKtLbKI=',
  'gmt_create' => '2017-04-12 23:57:04',
  'buyer_pay_amount' => '0.02',
  'receipt_amount' => '0.02',
  'fund_bill_list' => '[{\\"amount\\":\\"0.02\\",\\"fundChannel\\":\\"ALIPAYACCOUNT\\"}]',
  'app_id' => '2017040506559385',
  'seller_id' => '2088121905285245',
  'notify_id' => 'b3d0a4f24e63f84512afc0d9a7a1817gji',
  'seller_email' => 'zztt_zwzx@163.com',
)
2017-04-13 10:24:40  array (
  'code' => 'alipaywap',
  'total_amount' => '0.02',
  'buyer_id' => '2088702006857072',
  'trade_no' => '2017041221001004070202688842',
  'body' => 'test',
  'notify_time' => '2017-04-13 00:03:47',
  'subject' => '2017041244713',
  'sign_type' => 'RSA',
  'buyer_logon_id' => 'ton***@163.com',
  'auth_app_id' => '2017040506559385',
  'charset' => 'UTF-8',
  'notify_type' => 'trade_status_sync',
  'invoice_amount' => '0.02',
  'out_trade_no' => '2017041244713158',
  'trade_status' => 'TRADE_SUCCESS',
  'gmt_payment' => '2017-04-12 23:57:04',
  'version' => '1.0',
  'point_amount' => '0.00',
  'sign' => 'sr1ntdsJn6Tg3qwcAn+V1uqUrY0kTdXSsTYg4/vNHQv04PuKgvgTYBSZNY5XBEJrc218uqYqdq6vecUU9UwVlDIF+iPDSSRJVwMWahLN1ZndI+6M5XzmRI9TBJ8nIbvRReTai4qRWZa4YFaJvkpFVWkJtfVoywAQGS0BVKtLbKI=',
  'gmt_create' => '2017-04-12 23:57:04',
  'buyer_pay_amount' => '0.02',
  'receipt_amount' => '0.02',
  'fund_bill_list' => '[{\\"amount\\":\\"0.02\\",\\"fundChannel\\":\\"ALIPAYACCOUNT\\"}]',
  'app_id' => '2017040506559385',
  'seller_id' => '2088121905285245',
  'notify_id' => 'b3d0a4f24e63f84512afc0d9a7a1817gji',
  'seller_email' => 'zztt_zwzx@163.com',
)
2017-04-13 10:24:46  array (
  'code' => 'alipaywap',
  'total_amount' => '0.02',
  'buyer_id' => '2088702006857072',
  'trade_no' => '2017041221001004070202688842',
  'body' => 'test',
  'notify_time' => '2017-04-13 00:03:47',
  'subject' => '2017041244713',
  'sign_type' => 'RSA',
  'buyer_logon_id' => 'ton***@163.com',
  'auth_app_id' => '2017040506559385',
  'charset' => 'UTF-8',
  'notify_type' => 'trade_status_sync',
  'invoice_amount' => '0.02',
  'out_trade_no' => '2017041244713158',
  'trade_status' => 'TRADE_SUCCESS',
  'gmt_payment' => '2017-04-12 23:57:04',
  'version' => '1.0',
  'point_amount' => '0.00',
  'sign' => 'sr1ntdsJn6Tg3qwcAn+V1uqUrY0kTdXSsTYg4/vNHQv04PuKgvgTYBSZNY5XBEJrc218uqYqdq6vecUU9UwVlDIF+iPDSSRJVwMWahLN1ZndI+6M5XzmRI9TBJ8nIbvRReTai4qRWZa4YFaJvkpFVWkJtfVoywAQGS0BVKtLbKI=',
  'gmt_create' => '2017-04-12 23:57:04',
  'buyer_pay_amount' => '0.02',
  'receipt_amount' => '0.02',
  'fund_bill_list' => '[{\\"amount\\":\\"0.02\\",\\"fundChannel\\":\\"ALIPAYACCOUNT\\"}]',
  'app_id' => '2017040506559385',
  'seller_id' => '2088121905285245',
  'notify_id' => 'b3d0a4f24e63f84512afc0d9a7a1817gji',
  'seller_email' => 'zztt_zwzx@163.com',
)
2017-04-13 10:25:07  array (
  'code' => 'alipaywap',
  'total_amount' => '0.02',
  'buyer_id' => '2088702006857072',
  'trade_no' => '2017041221001004070202688842',
  'body' => 'test',
  'notify_time' => '2017-04-13 00:03:47',
  'subject' => '2017041244713',
  'sign_type' => 'RSA',
  'buyer_logon_id' => 'ton***@163.com',
  'auth_app_id' => '2017040506559385',
  'charset' => 'UTF-8',
  'notify_type' => 'trade_status_sync',
  'invoice_amount' => '0.02',
  'out_trade_no' => '2017041244713158',
  'trade_status' => 'TRADE_SUCCESS',
  'gmt_payment' => '2017-04-12 23:57:04',
  'version' => '1.0',
  'point_amount' => '0.00',
  'sign' => 'sr1ntdsJn6Tg3qwcAn+V1uqUrY0kTdXSsTYg4/vNHQv04PuKgvgTYBSZNY5XBEJrc218uqYqdq6vecUU9UwVlDIF+iPDSSRJVwMWahLN1ZndI+6M5XzmRI9TBJ8nIbvRReTai4qRWZa4YFaJvkpFVWkJtfVoywAQGS0BVKtLbKI=',
  'gmt_create' => '2017-04-12 23:57:04',
  'buyer_pay_amount' => '0.02',
  'receipt_amount' => '0.02',
  'fund_bill_list' => '[{\\"amount\\":\\"0.02\\",\\"fundChannel\\":\\"ALIPAYACCOUNT\\"}]',
  'app_id' => '2017040506559385',
  'seller_id' => '2088121905285245',
  'notify_id' => 'b3d0a4f24e63f84512afc0d9a7a1817gji',
  'seller_email' => 'zztt_zwzx@163.com',
)
2017-04-13 10:27:56  array (
  'code' => 'alipaywap',
  'total_amount' => '0.02',
  'buyer_id' => '2088702006857072',
  'trade_no' => '2017041221001004070202688842',
  'body' => 'test',
  'notify_time' => '2017-04-13 00:03:47',
  'subject' => '2017041244713',
  'sign_type' => 'RSA',
  'buyer_logon_id' => 'ton***@163.com',
  'auth_app_id' => '2017040506559385',
  'charset' => 'UTF-8',
  'notify_type' => 'trade_status_sync',
  'invoice_amount' => '0.02',
  'out_trade_no' => '2017041244713158',
  'trade_status' => 'TRADE_SUCCESS',
  'gmt_payment' => '2017-04-12 23:57:04',
  'version' => '1.0',
  'point_amount' => '0.00',
  'sign' => 'sr1ntdsJn6Tg3qwcAn+V1uqUrY0kTdXSsTYg4/vNHQv04PuKgvgTYBSZNY5XBEJrc218uqYqdq6vecUU9UwVlDIF+iPDSSRJVwMWahLN1ZndI+6M5XzmRI9TBJ8nIbvRReTai4qRWZa4YFaJvkpFVWkJtfVoywAQGS0BVKtLbKI=',
  'gmt_create' => '2017-04-12 23:57:04',
  'buyer_pay_amount' => '0.02',
  'receipt_amount' => '0.02',
  'fund_bill_list' => '[{\\"amount\\":\\"0.02\\",\\"fundChannel\\":\\"ALIPAYACCOUNT\\"}]',
  'app_id' => '2017040506559385',
  'seller_id' => '2088121905285245',
  'notify_id' => 'b3d0a4f24e63f84512afc0d9a7a1817gji',
  'seller_email' => 'zztt_zwzx@163.com',
)
2017-04-13 10:28:14  array (
  'code' => 'alipaywap',
  'total_amount' => '0.02',
  'buyer_id' => '2088702006857072',
  'trade_no' => '2017041221001004070202688842',
  'body' => 'test',
  'notify_time' => '2017-04-13 00:03:47',
  'subject' => '2017041244713',
  'sign_type' => 'RSA',
  'buyer_logon_id' => 'ton***@163.com',
  'auth_app_id' => '2017040506559385',
  'charset' => 'UTF-8',
  'notify_type' => 'trade_status_sync',
  'invoice_amount' => '0.02',
  'out_trade_no' => '2017041244713158',
  'trade_status' => 'TRADE_SUCCESS',
  'gmt_payment' => '2017-04-12 23:57:04',
  'version' => '1.0',
  'point_amount' => '0.00',
  'sign' => 'sr1ntdsJn6Tg3qwcAn+V1uqUrY0kTdXSsTYg4/vNHQv04PuKgvgTYBSZNY5XBEJrc218uqYqdq6vecUU9UwVlDIF+iPDSSRJVwMWahLN1ZndI+6M5XzmRI9TBJ8nIbvRReTai4qRWZa4YFaJvkpFVWkJtfVoywAQGS0BVKtLbKI=',
  'gmt_create' => '2017-04-12 23:57:04',
  'buyer_pay_amount' => '0.02',
  'receipt_amount' => '0.02',
  'fund_bill_list' => '[{\\"amount\\":\\"0.02\\",\\"fundChannel\\":\\"ALIPAYACCOUNT\\"}]',
  'app_id' => '2017040506559385',
  'seller_id' => '2088121905285245',
  'notify_id' => 'b3d0a4f24e63f84512afc0d9a7a1817gji',
  'seller_email' => 'zztt_zwzx@163.com',
)
2017-04-13 10:55:09  array (
  'code' => 'alipaywap',
  'total_amount' => '0.02',
  'buyer_id' => '2088702006857072',
  'trade_no' => '2017041221001004070202688842',
  'body' => 'test',
  'notify_time' => '2017-04-13 00:03:47',
  'subject' => '2017041244713',
  'sign_type' => 'RSA',
  'buyer_logon_id' => 'ton***@163.com',
  'auth_app_id' => '2017040506559385',
  'charset' => 'UTF-8',
  'notify_type' => 'trade_status_sync',
  'invoice_amount' => '0.02',
  'out_trade_no' => '2017041244713158',
  'trade_status' => 'TRADE_SUCCESS',
  'gmt_payment' => '2017-04-12 23:57:04',
  'version' => '1.0',
  'point_amount' => '0.00',
  'sign' => 'sr1ntdsJn6Tg3qwcAn+V1uqUrY0kTdXSsTYg4/vNHQv04PuKgvgTYBSZNY5XBEJrc218uqYqdq6vecUU9UwVlDIF+iPDSSRJVwMWahLN1ZndI+6M5XzmRI9TBJ8nIbvRReTai4qRWZa4YFaJvkpFVWkJtfVoywAQGS0BVKtLbKI=',
  'gmt_create' => '2017-04-12 23:57:04',
  'buyer_pay_amount' => '0.02',
  'receipt_amount' => '0.02',
  'fund_bill_list' => '[{\\"amount\\":\\"0.02\\",\\"fundChannel\\":\\"ALIPAYACCOUNT\\"}]',
  'app_id' => '2017040506559385',
  'seller_id' => '2088121905285245',
  'notify_id' => 'b3d0a4f24e63f84512afc0d9a7a1817gji',
  'seller_email' => 'zztt_zwzx@163.com',
)
2017-04-13 10:59:23  array (
  'total_amount' => '0.02',
  'buyer_id' => '2088702006857072',
  'trade_no' => '2017041221001004070202688842',
  'body' => 'test',
  'notify_time' => '2017-04-13 00:03:47',
  'subject' => '2017041244713',
  'sign_type' => 'RSA',
  'buyer_logon_id' => 'ton***@163.com',
  'auth_app_id' => '2017040506559385',
  'charset' => 'UTF-8',
  'notify_type' => 'trade_status_sync',
  'invoice_amount' => '0.02',
  'out_trade_no' => '2017041244713158',
  'trade_status' => 'TRADE_SUCCESS',
  'gmt_payment' => '2017-04-12 23:57:04',
  'version' => '1.0',
  'point_amount' => '0.00',
  'sign' => 'sr1ntdsJn6Tg3qwcAn+V1uqUrY0kTdXSsTYg4/vNHQv04PuKgvgTYBSZNY5XBEJrc218uqYqdq6vecUU9UwVlDIF+iPDSSRJVwMWahLN1ZndI+6M5XzmRI9TBJ8nIbvRReTai4qRWZa4YFaJvkpFVWkJtfVoywAQGS0BVKtLbKI=',
  'gmt_create' => '2017-04-12 23:57:04',
  'buyer_pay_amount' => '0.02',
  'receipt_amount' => '0.02',
  'fund_bill_list' => '[{\\"amount\\":\\"0.02\\",\\"fundChannel\\":\\"ALIPAYACCOUNT\\"}]',
  'app_id' => '2017040506559385',
  'seller_id' => '2088121905285245',
  'notify_id' => 'b3d0a4f24e63f84512afc0d9a7a1817gji',
  'seller_email' => 'zztt_zwzx@163.com',
)
2017-04-13 11:04:18  array (
  'total_amount' => '0.02',
  'buyer_id' => '2088702006857072',
  'trade_no' => '2017041221001004070202688842',
  'body' => 'test',
  'notify_time' => '2017-04-13 00:03:47',
  'subject' => '2017041244713',
  'sign_type' => 'RSA',
  'buyer_logon_id' => 'ton***@163.com',
  'auth_app_id' => '2017040506559385',
  'charset' => 'UTF-8',
  'notify_type' => 'trade_status_sync',
  'invoice_amount' => '0.02',
  'out_trade_no' => '2017041244713158',
  'trade_status' => 'TRADE_SUCCESS',
  'gmt_payment' => '2017-04-12 23:57:04',
  'version' => '1.0',
  'point_amount' => '0.00',
  'sign' => 'sr1ntdsJn6Tg3qwcAn+V1uqUrY0kTdXSsTYg4/vNHQv04PuKgvgTYBSZNY5XBEJrc218uqYqdq6vecUU9UwVlDIF+iPDSSRJVwMWahLN1ZndI+6M5XzmRI9TBJ8nIbvRReTai4qRWZa4YFaJvkpFVWkJtfVoywAQGS0BVKtLbKI=',
  'gmt_create' => '2017-04-12 23:57:04',
  'buyer_pay_amount' => '0.02',
  'receipt_amount' => '0.02',
  'fund_bill_list' => '[{\\"amount\\":\\"0.02\\",\\"fundChannel\\":\\"ALIPAYACCOUNT\\"}]',
  'app_id' => '2017040506559385',
  'seller_id' => '2088121905285245',
  'notify_id' => 'b3d0a4f24e63f84512afc0d9a7a1817gji',
  'seller_email' => 'zztt_zwzx@163.com',
)
2017-04-13 11:14:09  array (
  'total_amount' => '0.02',
  'buyer_id' => '2088702006857072',
  'trade_no' => '2017041221001004070202688842',
  'body' => 'test',
  'notify_time' => '2017-04-13 00:03:47',
  'subject' => '2017041244713',
  'sign_type' => 'RSA',
  'buyer_logon_id' => 'ton***@163.com',
  'auth_app_id' => '2017040506559385',
  'charset' => 'UTF-8',
  'notify_type' => 'trade_status_sync',
  'invoice_amount' => '0.02',
  'out_trade_no' => '2017041244713158',
  'trade_status' => 'TRADE_SUCCESS',
  'gmt_payment' => '2017-04-12 23:57:04',
  'version' => '1.0',
  'point_amount' => '0.00',
  'sign' => 'sr1ntdsJn6Tg3qwcAn+V1uqUrY0kTdXSsTYg4/vNHQv04PuKgvgTYBSZNY5XBEJrc218uqYqdq6vecUU9UwVlDIF+iPDSSRJVwMWahLN1ZndI+6M5XzmRI9TBJ8nIbvRReTai4qRWZa4YFaJvkpFVWkJtfVoywAQGS0BVKtLbKI=',
  'gmt_create' => '2017-04-12 23:57:04',
  'buyer_pay_amount' => '0.02',
  'receipt_amount' => '0.02',
  'fund_bill_list' => '[{\\"amount\\":\\"0.02\\",\\"fundChannel\\":\\"ALIPAYACCOUNT\\"}]',
  'app_id' => '2017040506559385',
  'seller_id' => '2088121905285245',
  'notify_id' => 'b3d0a4f24e63f84512afc0d9a7a1817gji',
  'seller_email' => 'zztt_zwzx@163.com',
)
2017-04-13 11:28:13  biz_content:{"product_code":"QUICK_WAP_PAY","body":"test","subject":"2017041392269","out_trade_no":"2017041392269255","total_amount":"150.00","timeout_express":"1m"}
2017-04-13 11:28:14  response: '<form id=\'alipaysubmit\' name=\'alipaysubmit\' action=\'https://openapi.alipay.com/gateway.do?charset=UTF-8\' method=\'POST\'><input type=\'hidden\' name=\'biz_content\' value=\'{"product_code":"QUICK_WAP_PAY","body":"test","subject":"2017041392269","out_trade_no":"2017041392269255","total_amount":"150.00","timeout_express":"1m"}\'/><input type=\'hidden\' name=\'app_id\' value=\'2017040506559385\'/><input type=\'hidden\' name=\'version\' value=\'1.0\'/><input type=\'hidden\' name=\'format\' value=\'json\'/><input type=\'hidden\' name=\'sign_type\' value=\'RSA\'/><input type=\'hidden\' name=\'method\' value=\'alipay.trade.wap.pay\'/><input type=\'hidden\' name=\'timestamp\' value=\'2017-04-13 11:28:13\'/><input type=\'hidden\' name=\'alipay_sdk\' value=\'alipay-sdk-php-20161101\'/><input type=\'hidden\' name=\'notify_url\' value=\'http://www.shoujishangquan.com/mobile/respond.php?code=alipaywap\'/><input type=\'hidden\' name=\'return_url\' value=\'http://www.shoujishangquan.com/mobile/respond.php?code=alipaywap\'/><input type=\'hidden\' name=\'charset\' value=\'UTF-8\'/><input type=\'hidden\' name=\'sign\' value=\'QBMjKr5sLVW5z3WLAE06PCWt765bSuxTf/GasXzx5H7fvCO6+7iM/WxBdKSSkicXUn066jUNrO3tf06K5O40muqs4O1zSXK7Ou3g9aYkQp0gC9RhwOxn+oQ5NiFdrWiG/wPOzrRHpYbeKX9y8m66mATN9iHEPHCk/667bG/wmxM=\'/><input type=\'submit\' value=\'ok\' style=\'display:none;\'\'></form><script>document.forms[\'alipaysubmit\'].submit();</script>'
2017-04-13 11:50:02  array (
  'total_amount' => '0.02',
  'buyer_id' => '2088702006857072',
  'trade_no' => '2017041221001004070202688842',
  'body' => 'test',
  'notify_time' => '2017-04-13 00:03:47',
  'subject' => '2017041244713',
  'sign_type' => 'RSA',
  'buyer_logon_id' => 'ton***@163.com',
  'auth_app_id' => '2017040506559385',
  'charset' => 'UTF-8',
  'notify_type' => 'trade_status_sync',
  'invoice_amount' => '0.02',
  'out_trade_no' => '2017041244713158',
  'trade_status' => 'TRADE_SUCCESS',
  'gmt_payment' => '2017-04-12 23:57:04',
  'version' => '1.0',
  'point_amount' => '0.00',
  'sign' => 'sr1ntdsJn6Tg3qwcAn+V1uqUrY0kTdXSsTYg4/vNHQv04PuKgvgTYBSZNY5XBEJrc218uqYqdq6vecUU9UwVlDIF+iPDSSRJVwMWahLN1ZndI+6M5XzmRI9TBJ8nIbvRReTai4qRWZa4YFaJvkpFVWkJtfVoywAQGS0BVKtLbKI=',
  'gmt_create' => '2017-04-12 23:57:04',
  'buyer_pay_amount' => '0.02',
  'receipt_amount' => '0.02',
  'fund_bill_list' => '[{\\"amount\\":\\"0.02\\",\\"fundChannel\\":\\"ALIPAYACCOUNT\\"}]',
  'app_id' => '2017040506559385',
  'seller_id' => '2088121905285245',
  'notify_id' => 'b3d0a4f24e63f84512afc0d9a7a1817gji',
  'seller_email' => 'zztt_zwzx@163.com',
)
2017-04-13 12:31:20  array (
  'total_amount' => '0.02',
  'buyer_id' => '2088702006857072',
  'trade_no' => '2017041221001004070202688842',
  'body' => 'test',
  'notify_time' => '2017-04-13 00:03:47',
  'subject' => '2017041244713',
  'sign_type' => 'RSA',
  'buyer_logon_id' => 'ton***@163.com',
  'auth_app_id' => '2017040506559385',
  'charset' => 'UTF-8',
  'notify_type' => 'trade_status_sync',
  'invoice_amount' => '0.02',
  'out_trade_no' => '2017041244713158',
  'trade_status' => 'TRADE_SUCCESS',
  'gmt_payment' => '2017-04-12 23:57:04',
  'version' => '1.0',
  'point_amount' => '0.00',
  'sign' => 'sr1ntdsJn6Tg3qwcAn+V1uqUrY0kTdXSsTYg4/vNHQv04PuKgvgTYBSZNY5XBEJrc218uqYqdq6vecUU9UwVlDIF+iPDSSRJVwMWahLN1ZndI+6M5XzmRI9TBJ8nIbvRReTai4qRWZa4YFaJvkpFVWkJtfVoywAQGS0BVKtLbKI=',
  'gmt_create' => '2017-04-12 23:57:04',
  'buyer_pay_amount' => '0.02',
  'receipt_amount' => '0.02',
  'fund_bill_list' => '[{\\"amount\\":\\"0.02\\",\\"fundChannel\\":\\"ALIPAYACCOUNT\\"}]',
  'app_id' => '2017040506559385',
  'seller_id' => '2088121905285245',
  'notify_id' => 'b3d0a4f24e63f84512afc0d9a7a1817gji',
  'seller_email' => 'zztt_zwzx@163.com',
)
2017-04-13 12:31:20  array (
  'total_amount' => '0.02',
  'buyer_id' => '2088702006857072',
  'trade_no' => '2017041221001004070202688842',
  'body' => 'test',
  'notify_time' => '2017-04-13 00:03:47',
  'subject' => '2017041244713',
  'sign_type' => 'RSA',
  'buyer_logon_id' => 'ton***@163.com',
  'auth_app_id' => '2017040506559385',
  'charset' => 'UTF-8',
  'notify_type' => 'trade_status_sync',
  'invoice_amount' => '0.02',
  'out_trade_no' => '2017041244713158',
  'trade_status' => 'TRADE_SUCCESS',
  'gmt_payment' => '2017-04-12 23:57:04',
  'version' => '1.0',
  'point_amount' => '0.00',
  'sign' => 'sr1ntdsJn6Tg3qwcAn+V1uqUrY0kTdXSsTYg4/vNHQv04PuKgvgTYBSZNY5XBEJrc218uqYqdq6vecUU9UwVlDIF+iPDSSRJVwMWahLN1ZndI+6M5XzmRI9TBJ8nIbvRReTai4qRWZa4YFaJvkpFVWkJtfVoywAQGS0BVKtLbKI=',
  'gmt_create' => '2017-04-12 23:57:04',
  'buyer_pay_amount' => '0.02',
  'receipt_amount' => '0.02',
  'fund_bill_list' => '[{\\"amount\\":\\"0.02\\",\\"fundChannel\\":\\"ALIPAYACCOUNT\\"}]',
  'app_id' => '2017040506559385',
  'seller_id' => '2088121905285245',
  'notify_id' => 'b3d0a4f24e63f84512afc0d9a7a1817gji',
  'seller_email' => 'zztt_zwzx@163.com',
)
2017-04-13 12:31:32  array (
  'total_amount' => '0.02',
  'buyer_id' => '2088702006857072',
  'trade_no' => '2017041221001004070202688842',
  'body' => 'test',
  'notify_time' => '2017-04-13 00:03:47',
  'subject' => '2017041244713',
  'sign_type' => 'RSA',
  'buyer_logon_id' => 'ton***@163.com',
  'auth_app_id' => '2017040506559385',
  'charset' => 'UTF-8',
  'notify_type' => 'trade_status_sync',
  'invoice_amount' => '0.02',
  'out_trade_no' => '2017041244713158',
  'trade_status' => 'TRADE_SUCCESS',
  'gmt_payment' => '2017-04-12 23:57:04',
  'version' => '1.0',
  'point_amount' => '0.00',
  'sign' => 'sr1ntdsJn6Tg3qwcAn+V1uqUrY0kTdXSsTYg4/vNHQv04PuKgvgTYBSZNY5XBEJrc218uqYqdq6vecUU9UwVlDIF+iPDSSRJVwMWahLN1ZndI+6M5XzmRI9TBJ8nIbvRReTai4qRWZa4YFaJvkpFVWkJtfVoywAQGS0BVKtLbKI=',
  'gmt_create' => '2017-04-12 23:57:04',
  'buyer_pay_amount' => '0.02',
  'receipt_amount' => '0.02',
  'fund_bill_list' => '[{\\"amount\\":\\"0.02\\",\\"fundChannel\\":\\"ALIPAYACCOUNT\\"}]',
  'app_id' => '2017040506559385',
  'seller_id' => '2088121905285245',
  'notify_id' => 'b3d0a4f24e63f84512afc0d9a7a1817gji',
  'seller_email' => 'zztt_zwzx@163.com',
)
2017-04-13 12:31:32  array (
  'total_amount' => '0.02',
  'buyer_id' => '2088702006857072',
  'trade_no' => '2017041221001004070202688842',
  'body' => 'test',
  'notify_time' => '2017-04-13 00:03:47',
  'subject' => '2017041244713',
  'sign_type' => 'RSA',
  'buyer_logon_id' => 'ton***@163.com',
  'auth_app_id' => '2017040506559385',
  'charset' => 'UTF-8',
  'notify_type' => 'trade_status_sync',
  'invoice_amount' => '0.02',
  'out_trade_no' => '2017041244713158',
  'trade_status' => 'TRADE_SUCCESS',
  'gmt_payment' => '2017-04-12 23:57:04',
  'version' => '1.0',
  'point_amount' => '0.00',
  'sign' => 'sr1ntdsJn6Tg3qwcAn+V1uqUrY0kTdXSsTYg4/vNHQv04PuKgvgTYBSZNY5XBEJrc218uqYqdq6vecUU9UwVlDIF+iPDSSRJVwMWahLN1ZndI+6M5XzmRI9TBJ8nIbvRReTai4qRWZa4YFaJvkpFVWkJtfVoywAQGS0BVKtLbKI=',
  'gmt_create' => '2017-04-12 23:57:04',
  'buyer_pay_amount' => '0.02',
  'receipt_amount' => '0.02',
  'fund_bill_list' => '[{\\"amount\\":\\"0.02\\",\\"fundChannel\\":\\"ALIPAYACCOUNT\\"}]',
  'app_id' => '2017040506559385',
  'seller_id' => '2088121905285245',
  'notify_id' => 'b3d0a4f24e63f84512afc0d9a7a1817gji',
  'seller_email' => 'zztt_zwzx@163.com',
)
2017-04-13 12:32:20  array (
  'total_amount' => '0.02',
  'buyer_id' => '2088702006857072',
  'trade_no' => '2017041221001004070202688842',
  'body' => 'test',
  'notify_time' => '2017-04-13 00:03:47',
  'subject' => '2017041244713',
  'sign_type' => 'RSA',
  'buyer_logon_id' => 'ton***@163.com',
  'auth_app_id' => '2017040506559385',
  'charset' => 'UTF-8',
  'notify_type' => 'trade_status_sync',
  'invoice_amount' => '0.02',
  'out_trade_no' => '2017041244713158',
  'trade_status' => 'TRADE_SUCCESS',
  'gmt_payment' => '2017-04-12 23:57:04',
  'version' => '1.0',
  'point_amount' => '0.00',
  'sign' => 'sr1ntdsJn6Tg3qwcAn+V1uqUrY0kTdXSsTYg4/vNHQv04PuKgvgTYBSZNY5XBEJrc218uqYqdq6vecUU9UwVlDIF+iPDSSRJVwMWahLN1ZndI+6M5XzmRI9TBJ8nIbvRReTai4qRWZa4YFaJvkpFVWkJtfVoywAQGS0BVKtLbKI=',
  'gmt_create' => '2017-04-12 23:57:04',
  'buyer_pay_amount' => '0.02',
  'receipt_amount' => '0.02',
  'fund_bill_list' => '[{\\"amount\\":\\"0.02\\",\\"fundChannel\\":\\"ALIPAYACCOUNT\\"}]',
  'app_id' => '2017040506559385',
  'seller_id' => '2088121905285245',
  'notify_id' => 'b3d0a4f24e63f84512afc0d9a7a1817gji',
  'seller_email' => 'zztt_zwzx@163.com',
)
2017-04-13 12:32:20  array (
  'total_amount' => '0.02',
  'buyer_id' => '2088702006857072',
  'trade_no' => '2017041221001004070202688842',
  'body' => 'test',
  'notify_time' => '2017-04-13 00:03:47',
  'subject' => '2017041244713',
  'sign_type' => 'RSA',
  'buyer_logon_id' => 'ton***@163.com',
  'auth_app_id' => '2017040506559385',
  'charset' => 'UTF-8',
  'notify_type' => 'trade_status_sync',
  'invoice_amount' => '0.02',
  'out_trade_no' => '2017041244713158',
  'trade_status' => 'TRADE_SUCCESS',
  'gmt_payment' => '2017-04-12 23:57:04',
  'version' => '1.0',
  'point_amount' => '0.00',
  'sign' => 'sr1ntdsJn6Tg3qwcAn+V1uqUrY0kTdXSsTYg4/vNHQv04PuKgvgTYBSZNY5XBEJrc218uqYqdq6vecUU9UwVlDIF+iPDSSRJVwMWahLN1ZndI+6M5XzmRI9TBJ8nIbvRReTai4qRWZa4YFaJvkpFVWkJtfVoywAQGS0BVKtLbKI=',
  'gmt_create' => '2017-04-12 23:57:04',
  'buyer_pay_amount' => '0.02',
  'receipt_amount' => '0.02',
  'fund_bill_list' => '[{\\"amount\\":\\"0.02\\",\\"fundChannel\\":\\"ALIPAYACCOUNT\\"}]',
  'app_id' => '2017040506559385',
  'seller_id' => '2088121905285245',
  'notify_id' => 'b3d0a4f24e63f84512afc0d9a7a1817gji',
  'seller_email' => 'zztt_zwzx@163.com',
)
2017-04-13 12:32:59  array (
  'total_amount' => '0.02',
  'buyer_id' => '2088702006857072',
  'trade_no' => '2017041221001004070202688842',
  'body' => 'test',
  'notify_time' => '2017-04-13 00:03:47',
  'subject' => '2017041244713',
  'sign_type' => 'RSA',
  'buyer_logon_id' => 'ton***@163.com',
  'auth_app_id' => '2017040506559385',
  'charset' => 'UTF-8',
  'notify_type' => 'trade_status_sync',
  'invoice_amount' => '0.02',
  'out_trade_no' => '2017041244713158',
  'trade_status' => 'TRADE_SUCCESS',
  'gmt_payment' => '2017-04-12 23:57:04',
  'version' => '1.0',
  'point_amount' => '0.00',
  'sign' => 'sr1ntdsJn6Tg3qwcAn+V1uqUrY0kTdXSsTYg4/vNHQv04PuKgvgTYBSZNY5XBEJrc218uqYqdq6vecUU9UwVlDIF+iPDSSRJVwMWahLN1ZndI+6M5XzmRI9TBJ8nIbvRReTai4qRWZa4YFaJvkpFVWkJtfVoywAQGS0BVKtLbKI=',
  'gmt_create' => '2017-04-12 23:57:04',
  'buyer_pay_amount' => '0.02',
  'receipt_amount' => '0.02',
  'fund_bill_list' => '[{\\"amount\\":\\"0.02\\",\\"fundChannel\\":\\"ALIPAYACCOUNT\\"}]',
  'app_id' => '2017040506559385',
  'seller_id' => '2088121905285245',
  'notify_id' => 'b3d0a4f24e63f84512afc0d9a7a1817gji',
  'seller_email' => 'zztt_zwzx@163.com',
)
2017-04-13 12:46:18  array (
  'total_amount' => '0.02',
  'buyer_id' => '2088702006857072',
  'trade_no' => '2017041221001004070202688842',
  'body' => 'test',
  'notify_time' => '2017-04-13 00:03:47',
  'subject' => '2017041244713',
  'sign_type' => 'RSA',
  'buyer_logon_id' => 'ton***@163.com',
  'auth_app_id' => '2017040506559385',
  'charset' => 'UTF-8',
  'notify_type' => 'trade_status_sync',
  'invoice_amount' => '0.02',
  'out_trade_no' => '2017041244713158',
  'trade_status' => 'TRADE_SUCCESS',
  'gmt_payment' => '2017-04-12 23:57:04',
  'version' => '1.0',
  'point_amount' => '0.00',
  'sign' => 'sr1ntdsJn6Tg3qwcAn+V1uqUrY0kTdXSsTYg4/vNHQv04PuKgvgTYBSZNY5XBEJrc218uqYqdq6vecUU9UwVlDIF+iPDSSRJVwMWahLN1ZndI+6M5XzmRI9TBJ8nIbvRReTai4qRWZa4YFaJvkpFVWkJtfVoywAQGS0BVKtLbKI=',
  'gmt_create' => '2017-04-12 23:57:04',
  'buyer_pay_amount' => '0.02',
  'receipt_amount' => '0.02',
  'fund_bill_list' => '[{\\"amount\\":\\"0.02\\",\\"fundChannel\\":\\"ALIPAYACCOUNT\\"}]',
  'app_id' => '2017040506559385',
  'seller_id' => '2088121905285245',
  'notify_id' => 'b3d0a4f24e63f84512afc0d9a7a1817gji',
  'seller_email' => 'zztt_zwzx@163.com',
)
<<<<<<< .mine
2017-04-13 17:08:08  biz_content:{"product_code":"QUICK_WAP_PAY","body":"test","subject":"2017041388018","out_trade_no":"2017041388018160","total_amount":"198.01","timeout_express":"1m"}
2017-04-13 17:08:08  response: '<form id=\'alipaysubmit\' name=\'alipaysubmit\' action=\'https://openapi.alipay.com/gateway.do?charset=UTF-8\' method=\'POST\'><input type=\'hidden\' name=\'biz_content\' value=\'{"product_code":"QUICK_WAP_PAY","body":"test","subject":"2017041388018","out_trade_no":"2017041388018160","total_amount":"198.01","timeout_express":"1m"}\'/><input type=\'hidden\' name=\'app_id\' value=\'2016041801309434\'/><input type=\'hidden\' name=\'version\' value=\'1.0\'/><input type=\'hidden\' name=\'format\' value=\'json\'/><input type=\'hidden\' name=\'sign_type\' value=\'RSA\'/><input type=\'hidden\' name=\'method\' value=\'alipay.trade.wap.pay\'/><input type=\'hidden\' name=\'timestamp\' value=\'2017-04-13 17:08:08\'/><input type=\'hidden\' name=\'alipay_sdk\' value=\'alipay-sdk-php-20161101\'/><input type=\'hidden\' name=\'notify_url\' value=\'http://cmshop.mbizzone.com/mobile/respond.php?code=alipaywap\'/><input type=\'hidden\' name=\'return_url\' value=\'http://cmshop.mbizzone.com/mobile/respond.php?code=alipaywap\'/><input type=\'hidden\' name=\'charset\' value=\'UTF-8\'/><input type=\'hidden\' name=\'sign\' value=\'i2AgrEwDUmJAtsRpVQKnLkz0xtZmUJajB01gJEutx70/EMDeWFFe2Q4RRG1nc18br05wmMeeLIiNkYGlB9fvrWqtDq7rvmLkYNn5IZqVhoaCZD6uja5g3ar8oGx6GCYc7D+qWPGnxWWoxxVJbZ40v/QUhqMAXOzdA7+kDRia8FI=\'/><input type=\'submit\' value=\'ok\' style=\'display:none;\'\'></form><script>document.forms[\'alipaysubmit\'].submit();</script>'
2017-04-13 17:09:46  biz_content:{"product_code":"QUICK_WAP_PAY","body":"test","subject":"2017041370829","out_trade_no":"2017041370829161","total_amount":"198.01","timeout_express":"1m"}
2017-04-13 17:09:46  response: '<form id=\'alipaysubmit\' name=\'alipaysubmit\' action=\'https://openapi.alipay.com/gateway.do?charset=UTF-8\' method=\'POST\'><input type=\'hidden\' name=\'biz_content\' value=\'{"product_code":"QUICK_WAP_PAY","body":"test","subject":"2017041370829","out_trade_no":"2017041370829161","total_amount":"198.01","timeout_express":"1m"}\'/><input type=\'hidden\' name=\'app_id\' value=\'2017040506559385\'/><input type=\'hidden\' name=\'version\' value=\'1.0\'/><input type=\'hidden\' name=\'format\' value=\'json\'/><input type=\'hidden\' name=\'sign_type\' value=\'RSA\'/><input type=\'hidden\' name=\'method\' value=\'alipay.trade.wap.pay\'/><input type=\'hidden\' name=\'timestamp\' value=\'2017-04-13 17:09:46\'/><input type=\'hidden\' name=\'alipay_sdk\' value=\'alipay-sdk-php-20161101\'/><input type=\'hidden\' name=\'notify_url\' value=\'http://cmshop.mbizzone.com/mobile/respond.php?code=alipaywap\'/><input type=\'hidden\' name=\'return_url\' value=\'http://cmshop.mbizzone.com/mobile/respond.php?code=alipaywap\'/><input type=\'hidden\' name=\'charset\' value=\'UTF-8\'/><input type=\'hidden\' name=\'sign\' value=\'AcK74TpOGFux+akyegBxEfNJ/KxhnwIWtovLlhdXEocW1jfKfuo8fYmbzASeGB6VVtVW62TqTmIJ3ZTiTFify82lJ4jCsydb8URt5ewu2N82KXkUdsZb1WrnoubuNZuieyo8RVU9kv5/2xcwC7hQY1iKFJUbQcj2juTmHWFd9uw=\'/><input type=\'submit\' value=\'ok\' style=\'display:none;\'\'></form><script>document.forms[\'alipaysubmit\'].submit();</script>'
2017-04-13 17:24:49  biz_content:{"product_code":"QUICK_WAP_PAY","body":"test","subject":"2017041331536","out_trade_no":"2017041331536162","total_amount":"198.01","timeout_express":"1m"}
2017-04-13 17:24:49  response: '<form id=\'alipaysubmit\' name=\'alipaysubmit\' action=\'https://openapi.alipay.com/gateway.do?charset=UTF-8\' method=\'POST\'><input type=\'hidden\' name=\'biz_content\' value=\'{"product_code":"QUICK_WAP_PAY","body":"test","subject":"2017041331536","out_trade_no":"2017041331536162","total_amount":"198.01","timeout_express":"1m"}\'/><input type=\'hidden\' name=\'app_id\' value=\'2017040506559385\'/><input type=\'hidden\' name=\'version\' value=\'1.0\'/><input type=\'hidden\' name=\'format\' value=\'json\'/><input type=\'hidden\' name=\'sign_type\' value=\'RSA\'/><input type=\'hidden\' name=\'method\' value=\'alipay.trade.wap.pay\'/><input type=\'hidden\' name=\'timestamp\' value=\'2017-04-13 17:24:49\'/><input type=\'hidden\' name=\'alipay_sdk\' value=\'alipay-sdk-php-20161101\'/><input type=\'hidden\' name=\'notify_url\' value=\'http://cmshop.mbizzone.com/mobile/respond.php?code=alipaywap\'/><input type=\'hidden\' name=\'return_url\' value=\'http://cmshop.mbizzone.com/mobile/respond.php?code=alipaywap\'/><input type=\'hidden\' name=\'charset\' value=\'UTF-8\'/><input type=\'hidden\' name=\'sign\' value=\'L47VACa/npl5FfzR8A4R8Ylabl2PZlIN3WbDmupqyNZYBQONFlkMPFBgjXb5o0+qSMFNjxdEBQLf6xZ0fT8POxjBaDx0Z5eUYODOxfnudLGDOF9cSv9KwUnSScTzQ5EkL9S0n9oBylLzuxkAL/gI1pdCn6AsR9bLVOUKKPcQIsE=\'/><input type=\'submit\' value=\'ok\' style=\'display:none;\'\'></form><script>document.forms[\'alipaysubmit\'].submit();</script>'
2017-04-13 17:25:23  biz_content:{"product_code":"QUICK_WAP_PAY","body":"test","subject":"2017041346723","out_trade_no":"2017041346723163","total_amount":"198.01","timeout_express":"1m"}
2017-04-13 17:25:23  response: '<form id=\'alipaysubmit\' name=\'alipaysubmit\' action=\'https://openapi.alipay.com/gateway.do?charset=UTF-8\' method=\'POST\'><input type=\'hidden\' name=\'biz_content\' value=\'{"product_code":"QUICK_WAP_PAY","body":"test","subject":"2017041346723","out_trade_no":"2017041346723163","total_amount":"198.01","timeout_express":"1m"}\'/><input type=\'hidden\' name=\'app_id\' value=\'2017040506559385\'/><input type=\'hidden\' name=\'version\' value=\'1.0\'/><input type=\'hidden\' name=\'format\' value=\'json\'/><input type=\'hidden\' name=\'sign_type\' value=\'RSA\'/><input type=\'hidden\' name=\'method\' value=\'alipay.trade.wap.pay\'/><input type=\'hidden\' name=\'timestamp\' value=\'2017-04-13 17:25:23\'/><input type=\'hidden\' name=\'alipay_sdk\' value=\'alipay-sdk-php-20161101\'/><input type=\'hidden\' name=\'notify_url\' value=\'http://cmshop.mbizzone.com/mobile/respond.php?code=alipaywap\'/><input type=\'hidden\' name=\'return_url\' value=\'http://cmshop.mbizzone.com/mobile/respond.php?code=alipaywap\'/><input type=\'hidden\' name=\'charset\' value=\'UTF-8\'/><input type=\'hidden\' name=\'sign\' value=\'jebGnFxx645hW0T+7XA369sB6cBL2/VqQDolDK2mGb4sRicSx45eEjv3iZYkn6e6GIgi8d4HuhNTBbzackD8Ni8YviqKk+bKAJ+yJFFcnLb8NaLayde4SCanIMF85fu0lBcDs/7C71DRYF1YnY75c8W+ia+mjHiXnje7Aqg77Ec=\'/><input type=\'submit\' value=\'ok\' style=\'display:none;\'\'></form><script>document.forms[\'alipaysubmit\'].submit();</script>'
||||||| .r545
=======
2017-04-13 17:17:32  biz_content:{"product_code":"QUICK_WAP_PAY","body":"test","subject":"2017041333451","out_trade_no":"2017041333451256","total_amount":"118.00","timeout_express":"1m"}
2017-04-13 17:17:33  response: '<form id=\'alipaysubmit\' name=\'alipaysubmit\' action=\'https://openapi.alipay.com/gateway.do?charset=UTF-8\' method=\'POST\'><input type=\'hidden\' name=\'biz_content\' value=\'{"product_code":"QUICK_WAP_PAY","body":"test","subject":"2017041333451","out_trade_no":"2017041333451256","total_amount":"118.00","timeout_express":"1m"}\'/><input type=\'hidden\' name=\'app_id\' value=\'2017040506559385\'/><input type=\'hidden\' name=\'version\' value=\'1.0\'/><input type=\'hidden\' name=\'format\' value=\'json\'/><input type=\'hidden\' name=\'sign_type\' value=\'RSA\'/><input type=\'hidden\' name=\'method\' value=\'alipay.trade.wap.pay\'/><input type=\'hidden\' name=\'timestamp\' value=\'2017-04-13 17:17:32\'/><input type=\'hidden\' name=\'alipay_sdk\' value=\'alipay-sdk-php-20161101\'/><input type=\'hidden\' name=\'notify_url\' value=\'http://www.shoujishangquan.com/mobile/respond.php?code=alipaywap\'/><input type=\'hidden\' name=\'return_url\' value=\'http://www.shoujishangquan.com/mobile/respond.php?code=alipaywap\'/><input type=\'hidden\' name=\'charset\' value=\'UTF-8\'/><input type=\'hidden\' name=\'sign\' value=\'P6/MmWLc/GKPU/leo1ZppsW2rgNlGjy96dKT2/te4rXlnZb9+crZwMrUrT4HgKXjCfPvhT2pRAvW7YnJ5kZ/W5nT7UPirBW6DVD29b+CaRz6uP3yd2p3EPiWDr5KJKBKF/jtw7T4uDgO7WT+jO+y4PwQZEXz5czw1lk+M6BiepM=\'/><input type=\'submit\' value=\'ok\' style=\'display:none;\'\'></form><script>document.forms[\'alipaysubmit\'].submit();</script>'
2017-04-13 17:42:38  array (
  'total_amount' => '0.02',
  'timestamp' => '2017-04-12 23:57:46',
  'sign' => 'CZRvQ1sjk+S+/jyXDLJjCdC1oRbiCf94qTr49gWX0NOVFMSn4MTC8iDTqvFlAwh7KbYdp5YuoxTJSACz/C4wip5n52Nfe+3VqfJZFIim0SMcI35Z9TNlTPSpLuZVyiUrPiOzShQvQUYLN9JflPza9qlZfGHV7sshSPXR6TsF6D0=',
  'trade_no' => '2017041221001004070202688842',
  'sign_type' => 'RSA',
  'auth_app_id' => '2017040506559385',
  'charset' => 'UTF-8',
  'seller_id' => '2088121905285245',
  'method' => 'alipay.trade.wap.pay.return',
  'app_id' => '2017040506559385',
  'out_trade_no' => '2017041244713158',
  'version' => '1.0',
)
2017-04-13 17:42:38  array (
  'total_amount' => '0.02',
  'timestamp' => '2017-04-12 23:57:46',
  'sign' => 'CZRvQ1sjk+S+/jyXDLJjCdC1oRbiCf94qTr49gWX0NOVFMSn4MTC8iDTqvFlAwh7KbYdp5YuoxTJSACz/C4wip5n52Nfe+3VqfJZFIim0SMcI35Z9TNlTPSpLuZVyiUrPiOzShQvQUYLN9JflPza9qlZfGHV7sshSPXR6TsF6D0=',
  'trade_no' => '2017041221001004070202688842',
  'sign_type' => 'RSA',
  'auth_app_id' => '2017040506559385',
  'charset' => 'UTF-8',
  'seller_id' => '2088121905285245',
  'method' => 'alipay.trade.wap.pay.return',
  'app_id' => '2017040506559385',
  'out_trade_no' => '2017041244713158',
  'version' => '1.0',
)
2017-04-13 17:42:40  array (
  'total_amount' => '0.02',
  'timestamp' => '2017-04-12 23:57:46',
  'sign' => 'CZRvQ1sjk+S+/jyXDLJjCdC1oRbiCf94qTr49gWX0NOVFMSn4MTC8iDTqvFlAwh7KbYdp5YuoxTJSACz/C4wip5n52Nfe+3VqfJZFIim0SMcI35Z9TNlTPSpLuZVyiUrPiOzShQvQUYLN9JflPza9qlZfGHV7sshSPXR6TsF6D0=',
  'trade_no' => '2017041221001004070202688842',
  'sign_type' => 'RSA',
  'auth_app_id' => '2017040506559385',
  'charset' => 'UTF-8',
  'seller_id' => '2088121905285245',
  'method' => 'alipay.trade.wap.pay.return',
  'app_id' => '2017040506559385',
  'out_trade_no' => '2017041244713158',
  'version' => '1.0',
)
2017-04-13 17:42:40  array (
  'total_amount' => '0.02',
  'timestamp' => '2017-04-12 23:57:46',
  'sign' => 'CZRvQ1sjk+S+/jyXDLJjCdC1oRbiCf94qTr49gWX0NOVFMSn4MTC8iDTqvFlAwh7KbYdp5YuoxTJSACz/C4wip5n52Nfe+3VqfJZFIim0SMcI35Z9TNlTPSpLuZVyiUrPiOzShQvQUYLN9JflPza9qlZfGHV7sshSPXR6TsF6D0=',
  'trade_no' => '2017041221001004070202688842',
  'sign_type' => 'RSA',
  'auth_app_id' => '2017040506559385',
  'charset' => 'UTF-8',
  'seller_id' => '2088121905285245',
  'method' => 'alipay.trade.wap.pay.return',
  'app_id' => '2017040506559385',
  'out_trade_no' => '2017041244713158',
  'version' => '1.0',
)
2017-04-13 17:43:12  array (
  'total_amount' => '0.02',
  'timestamp' => '2017-04-12 23:57:46',
  'sign' => 'CZRvQ1sjk+S+/jyXDLJjCdC1oRbiCf94qTr49gWX0NOVFMSn4MTC8iDTqvFlAwh7KbYdp5YuoxTJSACz/C4wip5n52Nfe+3VqfJZFIim0SMcI35Z9TNlTPSpLuZVyiUrPiOzShQvQUYLN9JflPza9qlZfGHV7sshSPXR6TsF6D0=',
  'trade_no' => '2017041221001004070202688842',
  'sign_type' => 'RSA',
  'auth_app_id' => '2017040506559385',
  'charset' => 'UTF-8',
  'seller_id' => '2088121905285245',
  'method' => 'alipay.trade.wap.pay.return',
  'app_id' => '2017040506559385',
  'out_trade_no' => '2017041244713158',
  'version' => '1.0',
)
2017-04-13 17:43:12  array (
  'total_amount' => '0.02',
  'timestamp' => '2017-04-12 23:57:46',
  'sign' => 'CZRvQ1sjk+S+/jyXDLJjCdC1oRbiCf94qTr49gWX0NOVFMSn4MTC8iDTqvFlAwh7KbYdp5YuoxTJSACz/C4wip5n52Nfe+3VqfJZFIim0SMcI35Z9TNlTPSpLuZVyiUrPiOzShQvQUYLN9JflPza9qlZfGHV7sshSPXR6TsF6D0=',
  'trade_no' => '2017041221001004070202688842',
  'sign_type' => 'RSA',
  'auth_app_id' => '2017040506559385',
  'charset' => 'UTF-8',
  'seller_id' => '2088121905285245',
  'method' => 'alipay.trade.wap.pay.return',
  'app_id' => '2017040506559385',
  'out_trade_no' => '2017041244713158',
  'version' => '1.0',
)
2017-04-13 17:43:15  array (
  'total_amount' => '0.02',
  'timestamp' => '2017-04-12 23:57:46',
  'sign' => 'CZRvQ1sjk+S+/jyXDLJjCdC1oRbiCf94qTr49gWX0NOVFMSn4MTC8iDTqvFlAwh7KbYdp5YuoxTJSACz/C4wip5n52Nfe+3VqfJZFIim0SMcI35Z9TNlTPSpLuZVyiUrPiOzShQvQUYLN9JflPza9qlZfGHV7sshSPXR6TsF6D0=',
  'trade_no' => '2017041221001004070202688842',
  'sign_type' => 'RSA',
  'auth_app_id' => '2017040506559385',
  'charset' => 'UTF-8',
  'seller_id' => '2088121905285245',
  'method' => 'alipay.trade.wap.pay.return',
  'app_id' => '2017040506559385',
  'out_trade_no' => '2017041244713158',
  'version' => '1.0',
)
2017-04-13 17:43:15  array (
  'total_amount' => '0.02',
  'timestamp' => '2017-04-12 23:57:46',
  'sign' => 'CZRvQ1sjk+S+/jyXDLJjCdC1oRbiCf94qTr49gWX0NOVFMSn4MTC8iDTqvFlAwh7KbYdp5YuoxTJSACz/C4wip5n52Nfe+3VqfJZFIim0SMcI35Z9TNlTPSpLuZVyiUrPiOzShQvQUYLN9JflPza9qlZfGHV7sshSPXR6TsF6D0=',
  'trade_no' => '2017041221001004070202688842',
  'sign_type' => 'RSA',
  'auth_app_id' => '2017040506559385',
  'charset' => 'UTF-8',
  'seller_id' => '2088121905285245',
  'method' => 'alipay.trade.wap.pay.return',
  'app_id' => '2017040506559385',
  'out_trade_no' => '2017041244713158',
  'version' => '1.0',
)
2017-04-13 17:43:32  array (
  'total_amount' => '0.02',
  'timestamp' => '2017-04-12 23:57:46',
  'sign' => 'CZRvQ1sjk+S+/jyXDLJjCdC1oRbiCf94qTr49gWX0NOVFMSn4MTC8iDTqvFlAwh7KbYdp5YuoxTJSACz/C4wip5n52Nfe+3VqfJZFIim0SMcI35Z9TNlTPSpLuZVyiUrPiOzShQvQUYLN9JflPza9qlZfGHV7sshSPXR6TsF6D0=',
  'trade_no' => '2017041221001004070202688842',
  'sign_type' => 'RSA',
  'auth_app_id' => '2017040506559385',
  'charset' => 'UTF-8',
  'seller_id' => '2088121905285245',
  'method' => 'alipay.trade.wap.pay.return',
  'app_id' => '2017040506559385',
  'out_trade_no' => '2017041244713158',
  'version' => '1.0',
)
2017-04-13 17:44:34  array (
  'total_amount' => '0.02',
  'timestamp' => '2017-04-12 23:57:46',
  'sign' => 'CZRvQ1sjk+S+/jyXDLJjCdC1oRbiCf94qTr49gWX0NOVFMSn4MTC8iDTqvFlAwh7KbYdp5YuoxTJSACz/C4wip5n52Nfe+3VqfJZFIim0SMcI35Z9TNlTPSpLuZVyiUrPiOzShQvQUYLN9JflPza9qlZfGHV7sshSPXR6TsF6D0=',
  'trade_no' => '2017041221001004070202688842',
  'sign_type' => 'RSA',
  'auth_app_id' => '2017040506559385',
  'charset' => 'UTF-8',
  'seller_id' => '2088121905285245',
  'method' => 'alipay.trade.wap.pay.return',
  'app_id' => '2017040506559385',
  'out_trade_no' => '2017041244713158',
  'version' => '1.0',
)
2017-04-13 17:44:44  array (
  'total_amount' => '0.02',
  'timestamp' => '2017-04-12 23:57:46',
  'sign' => 'CZRvQ1sjk+S+/jyXDLJjCdC1oRbiCf94qTr49gWX0NOVFMSn4MTC8iDTqvFlAwh7KbYdp5YuoxTJSACz/C4wip5n52Nfe+3VqfJZFIim0SMcI35Z9TNlTPSpLuZVyiUrPiOzShQvQUYLN9JflPza9qlZfGHV7sshSPXR6TsF6D0=',
  'trade_no' => '2017041221001004070202688842',
  'sign_type' => 'RSA',
  'charset' => 'UTF-8',
  'seller_id' => '2088121905285245',
  'method' => 'alipay.trade.wap.pay.return',
  'app_id' => '2017040506559385',
  'out_trade_no' => '2017041244713158',
  'version' => '1.0',
)
2017-04-13 17:44:52  array (
  'total_amount' => '0.02',
  'timestamp' => '2017-04-12 23:57:46',
  'sign' => 'CZRvQ1sjk+S+/jyXDLJjCdC1oRbiCf94qTr49gWX0NOVFMSn4MTC8iDTqvFlAwh7KbYdp5YuoxTJSACz/C4wip5n52Nfe+3VqfJZFIim0SMcI35Z9TNlTPSpLuZVyiUrPiOzShQvQUYLN9JflPza9qlZfGHV7sshSPXR6TsF6D0=',
  'trade_no' => '2017041221001004070202688842',
  'sign_type' => 'RSA',
  'charset' => 'UTF-8',
  'seller_id' => '2088121905285245',
  'method' => 'alipay.trade.wap.pay.return',
  'app_id' => '2017040506559385',
  'out_trade_no' => '2017041244713158',
  'version' => '1.0',
)
<<<<<<< .mine
>>>>>>> .r546
2017-04-13 17:51:20  biz_content:{"product_code":"QUICK_WAP_PAY","body":"test","subject":"2017041376182","out_trade_no":"2017041376182164","total_amount":"0.02","timeout_express":"1m"}
2017-04-13 17:51:20  response: '<form id=\'alipaysubmit\' name=\'alipaysubmit\' action=\'https://openapi.alipay.com/gateway.do?charset=UTF-8\' method=\'POST\'><input type=\'hidden\' name=\'biz_content\' value=\'{"product_code":"QUICK_WAP_PAY","body":"test","subject":"2017041376182","out_trade_no":"2017041376182164","total_amount":"0.02","timeout_express":"1m"}\'/><input type=\'hidden\' name=\'app_id\' value=\'2017040506559385\'/><input type=\'hidden\' name=\'version\' value=\'1.0\'/><input type=\'hidden\' name=\'format\' value=\'json\'/><input type=\'hidden\' name=\'sign_type\' value=\'RSA\'/><input type=\'hidden\' name=\'method\' value=\'alipay.trade.wap.pay\'/><input type=\'hidden\' name=\'timestamp\' value=\'2017-04-13 17:51:20\'/><input type=\'hidden\' name=\'alipay_sdk\' value=\'alipay-sdk-php-20161101\'/><input type=\'hidden\' name=\'notify_url\' value=\'http://cmshop.mbizzone.com/mobile/respond.php?code=alipaywap\'/><input type=\'hidden\' name=\'return_url\' value=\'http://cmshop.mbizzone.com/mobile/respond.php?code=alipaywap\'/><input type=\'hidden\' name=\'charset\' value=\'UTF-8\'/><input type=\'hidden\' name=\'sign\' value=\'iChFRdmkmMYcHFe/bkawOD0HBe1IELyMh8YpNhC4X/QFLdNmmQRWVq3WB8HE6/9icH7jWF1+T+jMtTeRraMoQvzOIhmJBXeiviEul7tb9UALH8DOUVNoamNMvAGnjfcH5zvpwUrtpjvNLKZkFRd22idX5pIZk/FRezQri9gdmJ0=\'/><input type=\'submit\' value=\'ok\' style=\'display:none;\'\'></form><script>document.forms[\'alipaysubmit\'].submit();</script>'
2017-04-14 00:25:35  array (
  'total_amount' => '0.02',
  'timestamp' => '2017-04-12 23:57:46',
  'sign' => 'CZRvQ1sjk+S+/jyXDLJjCdC1oRbiCf94qTr49gWX0NOVFMSn4MTC8iDTqvFlAwh7KbYdp5YuoxTJSACz/C4wip5n52Nfe+3VqfJZFIim0SMcI35Z9TNlTPSpLuZVyiUrPiOzShQvQUYLN9JflPza9qlZfGHV7sshSPXR6TsF6D0=',
  'trade_no' => '2017041221001004070202688842',
  'sign_type' => 'RSA',
  'charset' => 'UTF-8',
  'seller_id' => '2088121905285245',
  'method' => 'alipay.trade.wap.pay.return',
  'app_id' => '2017040506559385',
  'out_trade_no' => '2017041244713158',
  'version' => '1.0',
)
2017-04-14 00:25:35  array (
  'total_amount' => '0.02',
  'timestamp' => '2017-04-12 23:57:46',
  'sign' => 'CZRvQ1sjk+S+/jyXDLJjCdC1oRbiCf94qTr49gWX0NOVFMSn4MTC8iDTqvFlAwh7KbYdp5YuoxTJSACz/C4wip5n52Nfe+3VqfJZFIim0SMcI35Z9TNlTPSpLuZVyiUrPiOzShQvQUYLN9JflPza9qlZfGHV7sshSPXR6TsF6D0=',
  'trade_no' => '2017041221001004070202688842',
  'sign_type' => 'RSA',
  'charset' => 'UTF-8',
  'seller_id' => '2088121905285245',
  'method' => 'alipay.trade.wap.pay.return',
  'app_id' => '2017040506559385',
  'out_trade_no' => '2017041244713158',
  'version' => '1.0',
)
||||||| .r546
=======
2017-04-14 07:55:27  array (
  'total_amount' => '0.02',
  'timestamp' => '2017-04-12 23:57:46',
  'sign' => 'CZRvQ1sjk+S+/jyXDLJjCdC1oRbiCf94qTr49gWX0NOVFMSn4MTC8iDTqvFlAwh7KbYdp5YuoxTJSACz/C4wip5n52Nfe+3VqfJZFIim0SMcI35Z9TNlTPSpLuZVyiUrPiOzShQvQUYLN9JflPza9qlZfGHV7sshSPXR6TsF6D0=',
  'trade_no' => '2017041221001004070202688842',
  'sign_type' => 'RSA',
  'charset' => 'UTF-8',
  'seller_id' => '2088121905285245',
  'method' => 'alipay.trade.wap.pay.return',
  'app_id' => '2017040506559385',
  'out_trade_no' => '2017041244713158',
  'version' => '1.0',
)
2017-04-14 08:09:08  array (
  'total_amount' => '0.02',
  'timestamp' => '2017-04-12 23:57:46',
  'sign' => 'CZRvQ1sjk+S+/jyXDLJjCdC1oRbiCf94qTr49gWX0NOVFMSn4MTC8iDTqvFlAwh7KbYdp5YuoxTJSACz/C4wip5n52Nfe+3VqfJZFIim0SMcI35Z9TNlTPSpLuZVyiUrPiOzShQvQUYLN9JflPza9qlZfGHV7sshSPXR6TsF6D0=',
  'trade_no' => '2017041221001004070202688842',
  'sign_type' => 'RSA',
  'charset' => 'UTF-8',
  'seller_id' => '2088121905285245',
  'method' => 'alipay.trade.wap.pay.return',
  'app_id' => '2017040506559385',
  'out_trade_no' => '2017041244713158',
  'version' => '1.0',
)
2017-04-14 08:09:45  array (
  'total_amount' => '0.02',
  'timestamp' => '2017-04-12 23:57:46',
  'sign' => 'CZRvQ1sjk+S+/jyXDLJjCdC1oRbiCf94qTr49gWX0NOVFMSn4MTC8iDTqvFlAwh7KbYdp5YuoxTJSACz/C4wip5n52Nfe+3VqfJZFIim0SMcI35Z9TNlTPSpLuZVyiUrPiOzShQvQUYLN9JflPza9qlZfGHV7sshSPXR6TsF6D0=',
  'trade_no' => '2017041221001004070202688842',
  'sign_type' => 'RSA',
  'charset' => 'UTF-8',
  'seller_id' => '2088121905285245',
  'method' => 'alipay.trade.wap.pay.return',
  'app_id' => '2017040506559385',
  'out_trade_no' => '2017041244713158',
  'version' => '1.0',
)
>>>>>>> .r547
2017-04-14 08:31:05  biz_content:{"product_code":"QUICK_WAP_PAY","body":"test","subject":"2017041401198","out_trade_no":"2017041401198165","total_amount":"0.02","timeout_express":"1m"}
2017-04-14 08:31:05  response: '<form id=\'alipaysubmit\' name=\'alipaysubmit\' action=\'https://openapi.alipay.com/gateway.do?charset=UTF-8\' method=\'POST\'><input type=\'hidden\' name=\'biz_content\' value=\'{"product_code":"QUICK_WAP_PAY","body":"test","subject":"2017041401198","out_trade_no":"2017041401198165","total_amount":"0.02","timeout_express":"1m"}\'/><input type=\'hidden\' name=\'app_id\' value=\'2017040506559385\'/><input type=\'hidden\' name=\'version\' value=\'1.0\'/><input type=\'hidden\' name=\'format\' value=\'json\'/><input type=\'hidden\' name=\'sign_type\' value=\'RSA\'/><input type=\'hidden\' name=\'method\' value=\'alipay.trade.wap.pay\'/><input type=\'hidden\' name=\'timestamp\' value=\'2017-04-14 08:31:05\'/><input type=\'hidden\' name=\'alipay_sdk\' value=\'alipay-sdk-php-20161101\'/><input type=\'hidden\' name=\'notify_url\' value=\'http://cmshop.mbizzone.com/mobile/respond.php?code=alipaywap\'/><input type=\'hidden\' name=\'return_url\' value=\'http://cmshop.mbizzone.com/mobile/respond.php?code=alipaywap\'/><input type=\'hidden\' name=\'charset\' value=\'UTF-8\'/><input type=\'hidden\' name=\'sign\' value=\'o3xyOLE9HraTfuk8ZGfLLHEh6JWb4B6liL3C1K99HftUie5S5iA8Aq2jijUfxeqpAR7mmPtfe/nzwLeHxadJPGpOlccGneEW0yiZV1yhc7V+V+7jMigKsRFYgledub8lM62M0nG7cEc6vwC8uKxqPVtp2ymmzSoQff6GRIOD1yY=\'/><input type=\'submit\' value=\'ok\' style=\'display:none;\'\'></form><script>document.forms[\'alipaysubmit\'].submit();</script>'
2017-04-14 08:31:34  biz_content:{"product_code":"QUICK_WAP_PAY","body":"test","subject":"2017041431503","out_trade_no":"2017041431503166","total_amount":"0.02","timeout_express":"1m"}
2017-04-14 08:31:34  response: '<form id=\'alipaysubmit\' name=\'alipaysubmit\' action=\'https://openapi.alipay.com/gateway.do?charset=UTF-8\' method=\'POST\'><input type=\'hidden\' name=\'biz_content\' value=\'{"product_code":"QUICK_WAP_PAY","body":"test","subject":"2017041431503","out_trade_no":"2017041431503166","total_amount":"0.02","timeout_express":"1m"}\'/><input type=\'hidden\' name=\'app_id\' value=\'2017040506559385\'/><input type=\'hidden\' name=\'version\' value=\'1.0\'/><input type=\'hidden\' name=\'format\' value=\'json\'/><input type=\'hidden\' name=\'sign_type\' value=\'RSA\'/><input type=\'hidden\' name=\'method\' value=\'alipay.trade.wap.pay\'/><input type=\'hidden\' name=\'timestamp\' value=\'2017-04-14 08:31:34\'/><input type=\'hidden\' name=\'alipay_sdk\' value=\'alipay-sdk-php-20161101\'/><input type=\'hidden\' name=\'notify_url\' value=\'http://cmshop.mbizzone.com/mobile/respond.php?code=alipaywap\'/><input type=\'hidden\' name=\'return_url\' value=\'http://cmshop.mbizzone.com/mobile/respond.php?code=alipaywap\'/><input type=\'hidden\' name=\'charset\' value=\'UTF-8\'/><input type=\'hidden\' name=\'sign\' value=\'xA78KuJ3ADLhDmSDQNNOD0D7AVWK87ibgBl3dblR+GWTGk0XAzevnwmrLAF5yHNkw/B9gEN2rGp5qLZ5q1KAF/9nY4PUpzTJqsLRUyJGm55C8rLE8oy22WZXz6Tjksb2rkvkaFg1e4/8W1i1Zv6BmAEIaQyvfn1NvFJFLY6eIKk=\'/><input type=\'submit\' value=\'ok\' style=\'display:none;\'\'></form><script>document.forms[\'alipaysubmit\'].submit();</script>'
2017-04-14 09:00:53  biz_content:{"product_code":"QUICK_WAP_PAY","body":"test","subject":"2017041472625","out_trade_no":"2017041472625167","total_amount":"0.02","timeout_express":"1m"}
2017-04-14 09:00:53  response: '<form id=\'alipaysubmit\' name=\'alipaysubmit\' action=\'https://openapi.alipay.com/gateway.do?charset=UTF-8\' method=\'POST\'><input type=\'hidden\' name=\'biz_content\' value=\'{"product_code":"QUICK_WAP_PAY","body":"test","subject":"2017041472625","out_trade_no":"2017041472625167","total_amount":"0.02","timeout_express":"1m"}\'/><input type=\'hidden\' name=\'app_id\' value=\'2017040506559385\'/><input type=\'hidden\' name=\'version\' value=\'1.0\'/><input type=\'hidden\' name=\'format\' value=\'json\'/><input type=\'hidden\' name=\'sign_type\' value=\'RSA\'/><input type=\'hidden\' name=\'method\' value=\'alipay.trade.wap.pay\'/><input type=\'hidden\' name=\'timestamp\' value=\'2017-04-14 09:00:53\'/><input type=\'hidden\' name=\'alipay_sdk\' value=\'alipay-sdk-php-20161101\'/><input type=\'hidden\' name=\'notify_url\' value=\'http://cmshop.mbizzone.com/mobile/respond.php?code=alipaywap\'/><input type=\'hidden\' name=\'return_url\' value=\'http://cmshop.mbizzone.com/mobile/respond.php?code=alipaywap\'/><input type=\'hidden\' name=\'charset\' value=\'UTF-8\'/><input type=\'hidden\' name=\'sign\' value=\'0djhbIFm0ZmEhwo5nFQp6oxIr4bGEKNb//LWewZQO0lA+Mcw96j6X6XDZftfGY5MGVg3iAxPKF3N7HkBI1vnsuX00xAfLRwy2IUPT8Hvlbh+nT31jKVOBh7m8jmnClqmo9JsxR1JvZ0yIfeFgVGIMcMJCmtMNeLo4SmTqH05mq4=\'/><input type=\'submit\' value=\'ok\' style=\'display:none;\'\'></form><script>document.forms[\'alipaysubmit\'].submit();</script>'
2017-04-14 09:57:49  biz_content:{"product_code":"QUICK_WAP_PAY","body":"test","subject":"2017041461924","out_trade_no":"2017041461924168","total_amount":"0.01","timeout_express":"1m"}
2017-04-14 09:57:49  response: '<form id=\'alipaysubmit\' name=\'alipaysubmit\' action=\'https://openapi.alipay.com/gateway.do?charset=UTF-8\' method=\'POST\'><input type=\'hidden\' name=\'biz_content\' value=\'{"product_code":"QUICK_WAP_PAY","body":"test","subject":"2017041461924","out_trade_no":"2017041461924168","total_amount":"0.01","timeout_express":"1m"}\'/><input type=\'hidden\' name=\'app_id\' value=\'2017040506559385\'/><input type=\'hidden\' name=\'version\' value=\'1.0\'/><input type=\'hidden\' name=\'format\' value=\'json\'/><input type=\'hidden\' name=\'sign_type\' value=\'RSA\'/><input type=\'hidden\' name=\'method\' value=\'alipay.trade.wap.pay\'/><input type=\'hidden\' name=\'timestamp\' value=\'2017-04-14 09:57:49\'/><input type=\'hidden\' name=\'alipay_sdk\' value=\'alipay-sdk-php-20161101\'/><input type=\'hidden\' name=\'notify_url\' value=\'http://cmshop.mbizzone.com/mobile/respond.php?code=alipaywap\'/><input type=\'hidden\' name=\'return_url\' value=\'http://cmshop.mbizzone.com/mobile/respond.php?code=alipaywap\'/><input type=\'hidden\' name=\'charset\' value=\'UTF-8\'/><input type=\'hidden\' name=\'sign\' value=\'N6offkXzzH8MccABLGpKGLkIKQ4novrGdXSptL2i5/0AeI/JN4cwDEqIm8LYJsfwsARZrcXFljXoGEbOmJ2CgEf34UNHLCKtPY7g965g2yENxCfE38FUZcF7bthBO/Lya4SI8ifIudVFJA/2Y9njdkE3/BTrpL8wSMuOIh9ihmQ=\'/><input type=\'submit\' value=\'ok\' style=\'display:none;\'\'></form><script>document.forms[\'alipaysubmit\'].submit();</script>'
2017-04-14 13:28:10  biz_content:{"product_code":"QUICK_WAP_PAY","body":"test","subject":"2017041474807","out_trade_no":"2017041474807169","total_amount":"0.01","timeout_express":"1m"}
2017-04-14 13:28:10  response: '<form id=\'alipaysubmit\' name=\'alipaysubmit\' action=\'https://openapi.alipay.com/gateway.do?charset=UTF-8\' method=\'POST\'><input type=\'hidden\' name=\'biz_content\' value=\'{"product_code":"QUICK_WAP_PAY","body":"test","subject":"2017041474807","out_trade_no":"2017041474807169","total_amount":"0.01","timeout_express":"1m"}\'/><input type=\'hidden\' name=\'app_id\' value=\'2017040506559385\'/><input type=\'hidden\' name=\'version\' value=\'1.0\'/><input type=\'hidden\' name=\'format\' value=\'json\'/><input type=\'hidden\' name=\'sign_type\' value=\'RSA\'/><input type=\'hidden\' name=\'method\' value=\'alipay.trade.wap.pay\'/><input type=\'hidden\' name=\'timestamp\' value=\'2017-04-14 13:28:10\'/><input type=\'hidden\' name=\'alipay_sdk\' value=\'alipay-sdk-php-20161101\'/><input type=\'hidden\' name=\'notify_url\' value=\'http://cmshop.mbizzone.com/mobile/respond.php?code=alipaywap\'/><input type=\'hidden\' name=\'return_url\' value=\'http://cmshop.mbizzone.com/mobile/respond.php?code=alipaywap\'/><input type=\'hidden\' name=\'charset\' value=\'UTF-8\'/><input type=\'hidden\' name=\'sign\' value=\'dXG4vZf8SE0bQtvyqApB7IOoFH+5cXLpfYDWRzzQql2Lj6P058iwKpkvANj3kr78/75sttJrIDSbUt3ZBt30rxIj9WSTDZIn07MfzwXauXdFF0/EjrnfqSqroFke9veFbsUpofOqBD+PWdnCmPmDiaRSQnH54QsLsyWUWkaaDJw=\'/><input type=\'submit\' value=\'ok\' style=\'display:none;\'\'></form><script>document.forms[\'alipaysubmit\'].submit();</script>'
2017-04-14 13:29:28  biz_content:{"product_code":"QUICK_WAP_PAY","body":"test","subject":"2017041428395","out_trade_no":"2017041428395170","total_amount":"0.01","timeout_express":"1m"}
2017-04-14 13:29:28  response: '<form id=\'alipaysubmit\' name=\'alipaysubmit\' action=\'https://openapi.alipay.com/gateway.do?charset=UTF-8\' method=\'POST\'><input type=\'hidden\' name=\'biz_content\' value=\'{"product_code":"QUICK_WAP_PAY","body":"test","subject":"2017041428395","out_trade_no":"2017041428395170","total_amount":"0.01","timeout_express":"1m"}\'/><input type=\'hidden\' name=\'app_id\' value=\'2017040506559385\'/><input type=\'hidden\' name=\'version\' value=\'1.0\'/><input type=\'hidden\' name=\'format\' value=\'json\'/><input type=\'hidden\' name=\'sign_type\' value=\'RSA\'/><input type=\'hidden\' name=\'method\' value=\'alipay.trade.wap.pay\'/><input type=\'hidden\' name=\'timestamp\' value=\'2017-04-14 13:29:28\'/><input type=\'hidden\' name=\'alipay_sdk\' value=\'alipay-sdk-php-20161101\'/><input type=\'hidden\' name=\'notify_url\' value=\'http://cmshop.mbizzone.com/mobile/respond.php?code=alipaywap\'/><input type=\'hidden\' name=\'return_url\' value=\'http://cmshop.mbizzone.com/mobile/respond.php?code=alipaywap\'/><input type=\'hidden\' name=\'charset\' value=\'UTF-8\'/><input type=\'hidden\' name=\'sign\' value=\'ET7H/p/TJwO4dMFDiMG0JaIrwIy1ITziWKaL6xUFI4PPbIOSox86rxdkc7U3fSDAA0mQK7OB4RftMTVZiV1+LXsFQeNQ0t9xcsFCiVrUJLGJ34rIveDIkgHzxoa3IHq4sMr/kThQbwbWHt0eALJwzLJQAfY3w9USjW34U1FzQb8=\'/><input type=\'submit\' value=\'ok\' style=\'display:none;\'\'></form><script>document.forms[\'alipaysubmit\'].submit();</script>'
2017-05-04 14:20:55  biz_content:{"product_code":"QUICK_WAP_PAY","body":"test","subject":"2017050429641","out_trade_no":"2017050429641173","total_amount":"0.01","timeout_express":"1m"}
2017-05-04 14:20:55  response: '<form id=\'alipaysubmit\' name=\'alipaysubmit\' action=\'https://openapi.alipay.com/gateway.do?charset=UTF-8\' method=\'POST\'><input type=\'hidden\' name=\'biz_content\' value=\'{"product_code":"QUICK_WAP_PAY","body":"test","subject":"2017050429641","out_trade_no":"2017050429641173","total_amount":"0.01","timeout_express":"1m"}\'/><input type=\'hidden\' name=\'app_id\' value=\'2017040506559385\'/><input type=\'hidden\' name=\'version\' value=\'1.0\'/><input type=\'hidden\' name=\'format\' value=\'json\'/><input type=\'hidden\' name=\'sign_type\' value=\'RSA\'/><input type=\'hidden\' name=\'method\' value=\'alipay.trade.wap.pay\'/><input type=\'hidden\' name=\'timestamp\' value=\'2017-05-04 14:20:55\'/><input type=\'hidden\' name=\'alipay_sdk\' value=\'alipay-sdk-php-20161101\'/><input type=\'hidden\' name=\'notify_url\' value=\'http://cmshop.mbizzone.com/mobile/respond.php?code=alipaywap\'/><input type=\'hidden\' name=\'return_url\' value=\'http://cmshop.mbizzone.com/mobile/respond.php?code=alipaywap\'/><input type=\'hidden\' name=\'charset\' value=\'UTF-8\'/><input type=\'hidden\' name=\'sign\' value=\'ecxk8wFvFFOhVZpfheyZ3dwhx5j0QZx9EKqSNMbajnnr18AdGPmv0l0wKYOyfNEXkaWrQA/yAfsm1eoGelMCKe4BUuOWSLDGQQMxmoXUapNd4f3NphJ2w1crbSkGf/+tee9J46vP3WQtDfAkGPbP3h+h831grmXjAd7h4pBCuH8=\'/><input type=\'submit\' value=\'ok\' style=\'display:none;\'\'></form><script>document.forms[\'alipaysubmit\'].submit();</script>'
2018-02-01 17:54:37  biz_content:{"product_code":"QUICK_WAP_PAY","body":"test","subject":"2018020188968","out_trade_no":"2018020188968223","total_amount":"88.00","timeout_express":"1m"}
