执行日期：2017-03-08 09:38:44
responseTxt=false
 return_url_log:isSign=false,code=alipay
执行日期：2017-03-08 11:18:47
responseTxt=false
 return_url_log:isSign=false,code=alipay
执行日期：2017-03-08 11:18:47
verify_result failed
执行日期：2017-03-08 11:18:47
verify_notify failed
执行日期：2017-03-08 11:18:47
responseTxt=false
 return_url_log:isSign=false,code=alipay
执行日期：2017-03-08 11:18:47
verify_result failed
执行日期：2017-03-08 11:18:47
verify_notify failed
执行日期：2017-03-08 11:19:39
responseTxt=false
 return_url_log:isSign=false,code=alipay
执行日期：2017-03-08 11:19:46
verify_result failed
执行日期：2017-03-08 11:28:34
responseTxt=false
 return_url_log:isSign=false,code=alipay
执行日期：2017-03-08 11:28:35
传递过来的XML
array (
  'code' => 'alipay',
)
执行日期：2017-03-08 11:28:44
传递过来的XML
array (
)
执行日期：2017-03-08 11:33:58
verify_result failed
执行日期：2017-03-08 11:33:58
verify_notify failed
执行日期：2017-03-08 11:33:59
responseTxt=false
 return_url_log:isSign=false,code=alipay
执行日期：2017-03-08 11:33:59
传递过来的XML
array (
  'code' => 'alipay',
)
执行日期：2017-03-08 11:33:59
传递过来的XML
array (
)
执行日期：2017-03-08 11:33:59
verify_result failed
执行日期：2017-03-08 11:33:59
verify_notify failed
执行日期：2017-03-08 11:34:12
responseTxt=false
 return_url_log:isSign=false,code=alipay
执行日期：2017-03-08 11:34:17
responseTxt=
 notify_url_log:isSign=true,code=alipay&payment_type=1&subject=2017030838868&trade_no=2017030821001004070238574420&buyer_email=tongwenping@163.com&gmt_create=2017-03-08 11:31:37&notify_type=trade_status_sync&quantity=1&out_trade_no=2017030838868164&seller_id=2088121905285245&notify_time=2017-03-08 11:31:38&body=2017030838868&trade_status=TRADE_SUCCESS&is_total_fee_adjust=N&total_fee=0.01&gmt_payment=2017-03-08 11:31:38&seller_email=zztt_zwzx@163.com&price=0.01&buyer_id=2088702006857072&notify_id=e5ac989d7c599578154ebc975e25e05gji&use_coupon=N&sign_type=MD5&sign=80676bb969475cdfb65e72fc0bd0bf90
执行日期：2017-03-08 11:34:18
传递过来的XML
array (
  'code' => 'alipay',
)
执行日期：2017-03-08 11:34:19
传递过来的XML
array (
  'code' => 'alipay',
  'payment_type' => '1',
  'subject' => '2017030838868',
  'trade_no' => '2017030821001004070238574420',
  'buyer_email' => 'tongwenping@163.com',
  'gmt_create' => '2017-03-08 11:31:37',
  'notify_type' => 'trade_status_sync',
  'quantity' => '1',
  'out_trade_no' => '2017030838868164',
  'seller_id' => '2088121905285245',
  'notify_time' => '2017-03-08 11:31:38',
  'body' => '2017030838868',
  'trade_status' => 'TRADE_SUCCESS',
  'is_total_fee_adjust' => 'N',
  'total_fee' => '0.01',
  'gmt_payment' => '2017-03-08 11:31:38',
  'seller_email' => 'zztt_zwzx@163.com',
  'price' => '0.01',
  'buyer_id' => '2088702006857072',
  'notify_id' => 'e5ac989d7c599578154ebc975e25e05gji',
  'use_coupon' => 'N',
  'sign_type' => 'MD5',
  'sign' => '80676bb969475cdfb65e72fc0bd0bf90',
)
执行日期：2017-03-08 11:34:22
verify_result failed
执行日期：2017-03-08 11:34:22
verify_notify failed
执行日期：2017-03-08 11:35:10
responseTxt=false
 return_url_log:isSign=false,code=alipay
执行日期：2017-03-08 11:35:26
responseTxt=
 notify_url_log:isSign=true,code=alipay&payment_type=1&subject=2017030838868&trade_no=2017030821001004070238574420&buyer_email=tongwenping@163.com&gmt_create=2017-03-08 11:31:37&notify_type=trade_status_sync&quantity=1&out_trade_no=2017030838868164&seller_id=2088121905285245&notify_time=2017-03-08 11:31:38&body=2017030838868&trade_status=TRADE_SUCCESS&is_total_fee_adjust=N&total_fee=0.01&gmt_payment=2017-03-08 11:31:38&seller_email=zztt_zwzx@163.com&price=0.01&buyer_id=2088702006857072&notify_id=e5ac989d7c599578154ebc975e25e05gji&use_coupon=N&sign_type=MD5&sign=80676bb969475cdfb65e72fc0bd0bf90
执行日期：2017-03-08 11:35:26
传递过来的XML
array (
  'code' => 'alipay',
)
执行日期：2017-03-08 11:35:26
传递过来的XML
array (
  'code' => 'alipay',
  'payment_type' => '1',
  'subject' => '2017030838868',
  'trade_no' => '2017030821001004070238574420',
  'buyer_email' => 'tongwenping@163.com',
  'gmt_create' => '2017-03-08 11:31:37',
  'notify_type' => 'trade_status_sync',
  'quantity' => '1',
  'out_trade_no' => '2017030838868164',
  'seller_id' => '2088121905285245',
  'notify_time' => '2017-03-08 11:31:38',
  'body' => '2017030838868',
  'trade_status' => 'TRADE_SUCCESS',
  'is_total_fee_adjust' => 'N',
  'total_fee' => '0.01',
  'gmt_payment' => '2017-03-08 11:31:38',
  'seller_email' => 'zztt_zwzx@163.com',
  'price' => '0.01',
  'buyer_id' => '2088702006857072',
  'notify_id' => 'e5ac989d7c599578154ebc975e25e05gji',
  'use_coupon' => 'N',
  'sign_type' => 'MD5',
  'sign' => '80676bb969475cdfb65e72fc0bd0bf90',
)
执行日期：2017-03-08 11:35:26
verify_result failed
执行日期：2017-03-08 11:35:26
verify_notify failed
执行日期：2017-03-08 11:36:07
responseTxt=false
 return_url_log:isSign=false,code=alipay
执行日期：2017-03-08 11:36:20
responseTxt=
 notify_url_log:isSign=true,code=alipay&payment_type=1&subject=2017030838868&trade_no=2017030821001004070238574420&buyer_email=tongwenping@163.com&gmt_create=2017-03-08 11:31:37&notify_type=trade_status_sync&quantity=1&out_trade_no=2017030838868164&seller_id=2088121905285245&notify_time=2017-03-08 11:31:38&body=2017030838868&trade_status=TRADE_SUCCESS&is_total_fee_adjust=N&total_fee=0.01&gmt_payment=2017-03-08 11:31:38&seller_email=zztt_zwzx@163.com&price=0.01&buyer_id=2088702006857072&notify_id=e5ac989d7c599578154ebc975e25e05gji&use_coupon=N&sign_type=MD5&sign=80676bb969475cdfb65e72fc0bd0bf90
执行日期：2017-03-08 11:39:53
传递过来的XML
array (
  'code' => 'alipay',
)
执行日期：2017-03-08 11:39:53
传递过来的XML
array (
  'code' => 'alipay',
  'payment_type' => '1',
  'subject' => '2017030838868',
  'trade_no' => '2017030821001004070238574420',
  'buyer_email' => 'tongwenping@163.com',
  'gmt_create' => '2017-03-08 11:31:37',
  'notify_type' => 'trade_status_sync',
  'quantity' => '1',
  'out_trade_no' => '2017030838868164',
  'seller_id' => '2088121905285245',
  'notify_time' => '2017-03-08 11:31:38',
  'body' => '2017030838868',
  'trade_status' => 'TRADE_SUCCESS',
  'is_total_fee_adjust' => 'N',
  'total_fee' => '0.01',
  'gmt_payment' => '2017-03-08 11:31:38',
  'seller_email' => 'zztt_zwzx@163.com',
  'price' => '0.01',
  'buyer_id' => '2088702006857072',
  'notify_id' => 'e5ac989d7c599578154ebc975e25e05gji',
  'use_coupon' => 'N',
  'sign_type' => 'MD5',
  'sign' => '80676bb969475cdfb65e72fc0bd0bf90',
)
执行日期：2017-03-08 11:39:53
verify_result failed
执行日期：2017-03-08 11:39:53
verify_notify failed
执行日期：2017-03-08 11:39:58
responseTxt=false
 return_url_log:isSign=false,code=alipay
执行日期：2017-03-08 11:43:56
responseTxt=false
 return_url_log:isSign=false,code=alipay
执行日期：2017-03-08 11:44:42
responseTxt=
 notify_url_log:isSign=true,code=alipay&payment_type=1&subject=2017030838868&trade_no=2017030821001004070238574420&buyer_email=tongwenping@163.com&gmt_create=2017-03-08 11:31:37&notify_type=trade_status_sync&quantity=1&out_trade_no=2017030838868164&seller_id=2088121905285245&notify_time=2017-03-08 11:31:38&body=2017030838868&trade_status=TRADE_SUCCESS&is_total_fee_adjust=N&total_fee=0.01&gmt_payment=2017-03-08 11:31:38&seller_email=zztt_zwzx@163.com&price=0.01&buyer_id=2088702006857072&notify_id=e5ac989d7c599578154ebc975e25e05gji&use_coupon=N&sign_type=MD5&sign=80676bb969475cdfb65e72fc0bd0bf90
执行日期：2017-03-08 11:44:42
传递过来的XML
array (
  'code' => 'alipay',
)
执行日期：2017-03-08 11:44:42
传递过来的XML
array (
  'code' => 'alipay',
  'payment_type' => '1',
  'subject' => '2017030838868',
  'trade_no' => '2017030821001004070238574420',
  'buyer_email' => 'tongwenping@163.com',
  'gmt_create' => '2017-03-08 11:31:37',
  'notify_type' => 'trade_status_sync',
  'quantity' => '1',
  'out_trade_no' => '2017030838868164',
  'seller_id' => '2088121905285245',
  'notify_time' => '2017-03-08 11:31:38',
  'body' => '2017030838868',
  'trade_status' => 'TRADE_SUCCESS',
  'is_total_fee_adjust' => 'N',
  'total_fee' => '0.01',
  'gmt_payment' => '2017-03-08 11:31:38',
  'seller_email' => 'zztt_zwzx@163.com',
  'price' => '0.01',
  'buyer_id' => '2088702006857072',
  'notify_id' => 'e5ac989d7c599578154ebc975e25e05gji',
  'use_coupon' => 'N',
  'sign_type' => 'MD5',
  'sign' => '80676bb969475cdfb65e72fc0bd0bf90',
)
执行日期：2017-03-08 11:44:42
verify_result failed
执行日期：2017-03-08 11:44:42
verify_notify failed
执行日期：2017-03-08 11:44:47
responseTxt=false
 return_url_log:isSign=false,code=alipay
执行日期：2017-03-08 11:45:05
responseTxt=
 notify_url_log:isSign=true,code=alipay&payment_type=1&subject=2017030838868&trade_no=2017030821001004070238574420&buyer_email=tongwenping@163.com&gmt_create=2017-03-08 11:31:37&notify_type=trade_status_sync&quantity=1&out_trade_no=2017030838868164&seller_id=2088121905285245&notify_time=2017-03-08 11:31:38&body=2017030838868&trade_status=TRADE_SUCCESS&is_total_fee_adjust=N&total_fee=0.01&gmt_payment=2017-03-08 11:31:38&seller_email=zztt_zwzx@163.com&price=0.01&buyer_id=2088702006857072&notify_id=e5ac989d7c599578154ebc975e25e05gji&use_coupon=N&sign_type=MD5&sign=80676bb969475cdfb65e72fc0bd0bf90
执行日期：2017-03-08 11:45:05
传递过来的XML
array (
  'code' => 'alipay',
)
执行日期：2017-03-08 11:45:05
传递过来的XML
array (
  'code' => 'alipay',
  'payment_type' => '1',
  'subject' => '2017030838868',
  'trade_no' => '2017030821001004070238574420',
  'buyer_email' => 'tongwenping@163.com',
  'gmt_create' => '2017-03-08 11:31:37',
  'notify_type' => 'trade_status_sync',
  'quantity' => '1',
  'out_trade_no' => '2017030838868164',
  'seller_id' => '2088121905285245',
  'notify_time' => '2017-03-08 11:31:38',
  'body' => '2017030838868',
  'trade_status' => 'TRADE_SUCCESS',
  'is_total_fee_adjust' => 'N',
  'total_fee' => '0.01',
  'gmt_payment' => '2017-03-08 11:31:38',
  'seller_email' => 'zztt_zwzx@163.com',
  'price' => '0.01',
  'buyer_id' => '2088702006857072',
  'notify_id' => 'e5ac989d7c599578154ebc975e25e05gji',
  'use_coupon' => 'N',
  'sign_type' => 'MD5',
  'sign' => '80676bb969475cdfb65e72fc0bd0bf90',
)
执行日期：2017-03-08 11:45:05
verify_result failed
执行日期：2017-03-08 11:45:05
verify_notify failed
执行日期：2017-03-08 11:45:29
responseTxt=false
 return_url_log:isSign=false,code=alipay
执行日期：2017-03-08 11:46:03
responseTxt=true
 notify_url_log:isSign=true,code=alipay&payment_type=1&subject=2017030838868&trade_no=2017030821001004070238574420&buyer_email=tongwenping@163.com&gmt_create=2017-03-08 11:31:37&notify_type=trade_status_sync&quantity=1&out_trade_no=2017030838868164&seller_id=2088121905285245&notify_time=2017-03-08 11:31:38&body=2017030838868&trade_status=TRADE_SUCCESS&is_total_fee_adjust=N&total_fee=0.01&gmt_payment=2017-03-08 11:31:38&seller_email=zztt_zwzx@163.com&price=0.01&buyer_id=2088702006857072&notify_id=e5ac989d7c599578154ebc975e25e05gji&use_coupon=N&sign_type=MD5&sign=80676bb969475cdfb65e72fc0bd0bf90
执行日期：2017-03-08 11:46:11
传递过来的XML
array (
  'code' => 'alipay',
)
执行日期：2017-03-08 11:46:11
传递过来的XML
array (
  'code' => 'alipay',
  'payment_type' => '1',
  'subject' => '2017030838868',
  'trade_no' => '2017030821001004070238574420',
  'buyer_email' => 'tongwenping@163.com',
  'gmt_create' => '2017-03-08 11:31:37',
  'notify_type' => 'trade_status_sync',
  'quantity' => '1',
  'out_trade_no' => '2017030838868164',
  'seller_id' => '2088121905285245',
  'notify_time' => '2017-03-08 11:31:38',
  'body' => '2017030838868',
  'trade_status' => 'TRADE_SUCCESS',
  'is_total_fee_adjust' => 'N',
  'total_fee' => '0.01',
  'gmt_payment' => '2017-03-08 11:31:38',
  'seller_email' => 'zztt_zwzx@163.com',
  'price' => '0.01',
  'buyer_id' => '2088702006857072',
  'notify_id' => 'e5ac989d7c599578154ebc975e25e05gji',
  'use_coupon' => 'N',
  'sign_type' => 'MD5',
  'sign' => '80676bb969475cdfb65e72fc0bd0bf90',
)
执行日期：2017-03-08 11:46:13
verify_result failed
执行日期：2017-03-08 11:46:14
verify_notify success
执行日期：2017-03-08 11:46:35
verify_notify failed
执行日期：2017-04-07 13:47:13
responseTxt=true
 return_url_log:isSign=true,code=alipay&body=2017040787456&is_success=T&notify_id=RqPnCoPT3K9%2Fvwbh3InYyPmCKhYaTcsEZfmXnJ%2F5gkPYc6IxQpfhC4XKnN4%2FkaNaX%2BZB&notify_time=2017-04-07 13:47:33&notify_type=trade_status_sync&out_trade_no=2017040787456218&payment_type=1&seller_id=2088121905285245&service=alipay.wap.create.direct.pay.by.user&subject=2017040787456&total_fee=0.01&trade_no=2017040721001004070292152992&trade_status=TRADE_SUCCESS&sign=13a2d306331db05f1a174d8dc789c2fa&sign_type=MD5
执行日期：2017-04-07 13:47:13
verify_result success
执行日期：2017-04-07 13:47:14
支付宝订单号：2017040787456218写入日志成功.
执行日期：2017-04-07 13:47:15
responseTxt=true
 return_url_log:isSign=true,code=alipay&body=2017040787456&is_success=T&notify_id=RqPnCoPT3K9%2Fvwbh3InYyPmCKhYaTcsEZfmXnJ%2F5gkPYc6IxQpfhC4XKnN4%2FkaNaX%2BZB&notify_time=2017-04-07 13:47:33&notify_type=trade_status_sync&out_trade_no=2017040787456218&payment_type=1&seller_id=2088121905285245&service=alipay.wap.create.direct.pay.by.user&subject=2017040787456&total_fee=0.01&trade_no=2017040721001004070292152992&trade_status=TRADE_SUCCESS&sign=13a2d306331db05f1a174d8dc789c2fa&sign_type=MD5
执行日期：2017-04-07 13:47:15
verify_result success
执行日期：2017-04-07 13:47:15
支付宝订单号：2017040787456218写入日志成功.
执行日期：2017-04-07 13:47:16
responseTxt=true
 return_url_log:isSign=true,code=alipay&body=2017040787456&is_success=T&notify_id=RqPnCoPT3K9%2Fvwbh3InYyPmCKhYaTcsEZfmXnJ%2F5gkPYc6IxQpfhC4XKnN4%2FkaNaX%2BZB&notify_time=2017-04-07 13:47:33&notify_type=trade_status_sync&out_trade_no=2017040787456218&payment_type=1&seller_id=2088121905285245&service=alipay.wap.create.direct.pay.by.user&subject=2017040787456&total_fee=0.01&trade_no=2017040721001004070292152992&trade_status=TRADE_SUCCESS&sign=13a2d306331db05f1a174d8dc789c2fa&sign_type=MD5
执行日期：2017-04-07 13:47:17
verify_result success
执行日期：2017-04-07 13:47:17
支付宝订单号：2017040787456218写入日志成功.
执行日期：2017-04-07 13:47:17
responseTxt=true
 return_url_log:isSign=true,code=alipay&body=2017040787456&is_success=T&notify_id=RqPnCoPT3K9%2Fvwbh3InYyPmCKhYaTcsEZfmXnJ%2F5gkPYc6IxQpfhC4XKnN4%2FkaNaX%2BZB&notify_time=2017-04-07 13:47:33&notify_type=trade_status_sync&out_trade_no=2017040787456218&payment_type=1&seller_id=2088121905285245&service=alipay.wap.create.direct.pay.by.user&subject=2017040787456&total_fee=0.01&trade_no=2017040721001004070292152992&trade_status=TRADE_SUCCESS&sign=13a2d306331db05f1a174d8dc789c2fa&sign_type=MD5
执行日期：2017-04-07 13:47:17
verify_result success
执行日期：2017-04-07 13:47:17
支付宝订单号：2017040787456218写入日志成功.
执行日期：2017-04-07 17:03:16
responseTxt=false
 return_url_log:isSign=false,code=alipay
执行日期：2017-04-07 17:03:16
verify_result failed
执行日期：2017-04-07 17:03:16
verify_notify failed
执行日期：2017-04-07 17:03:16
responseTxt=false
 return_url_log:isSign=false,code=alipay
执行日期：2017-04-07 17:03:16
verify_result failed
执行日期：2017-04-07 17:03:16
verify_notify failed
<<<<<<< .mine
执行日期：2017-04-10 16:50:52
responseTxt=true
 notify_url_log:isSign=true,code=alipay&payment_type=1&subject=2017041006557&trade_no=2017041021001004070298328727&buyer_email=tongwenping@163.com&gmt_create=2017-04-10 16:50:51&notify_type=trade_status_sync&quantity=1&out_trade_no=2017041006557142&seller_id=2088121905285245&notify_time=2017-04-10 16:50:52&body=2017041006557&trade_status=TRADE_SUCCESS&is_total_fee_adjust=N&total_fee=0.02&gmt_payment=2017-04-10 16:50:51&seller_email=zztt_zwzx@163.com&price=0.02&buyer_id=2088702006857072&notify_id=fa275366c4884851820f873e454ce58gji&use_coupon=N&sign_type=MD5&sign=27f1db977c7d41c7007d4b78dfd65f45
执行日期：2017-04-10 16:50:52
verify_result failed
执行日期：2017-04-10 16:50:52
verify_notify success
执行日期：2017-04-10 16:50:53
responseTxt=true
 return_url_log:isSign=true,code=alipay&body=2017041006557&is_success=T&notify_id=RqPnCoPT3K9%2Fvwbh3InYyPSAYKrbAeL11u4vT5HscJuGE6OF6iAyR2JEtzvEw0%2B0N%2F4E&notify_time=2017-04-10 16:50:52&notify_type=trade_status_sync&out_trade_no=2017041006557142&payment_type=1&seller_id=2088121905285245&service=alipay.wap.create.direct.pay.by.user&subject=2017041006557&total_fee=0.02&trade_no=2017041021001004070298328727&trade_status=TRADE_SUCCESS&sign=e81f2f97acd0c56d6eaadc84290506a7&sign_type=MD5
执行日期：2017-04-10 16:50:53
verify_result success
执行日期：2017-04-10 16:50:53
支付宝订单号：2017041006557142写入日志成功.
执行日期：2017-04-10 16:50:53
responseTxt=true
 return_url_log:isSign=true,code=alipay&body=2017041006557&is_success=T&notify_id=RqPnCoPT3K9%2Fvwbh3InYyPSAYKrbAeL11u4vT5HscJuGE6OF6iAyR2JEtzvEw0%2B0N%2F4E&notify_time=2017-04-10 16:50:52&notify_type=trade_status_sync&out_trade_no=2017041006557142&payment_type=1&seller_id=2088121905285245&service=alipay.wap.create.direct.pay.by.user&subject=2017041006557&total_fee=0.02&trade_no=2017041021001004070298328727&trade_status=TRADE_SUCCESS&sign=e81f2f97acd0c56d6eaadc84290506a7&sign_type=MD5
执行日期：2017-04-10 16:50:53
verify_result success
执行日期：2017-04-10 16:50:53
支付宝订单号：2017041006557142写入日志成功.
执行日期：2017-04-10 16:50:54
支付宝订单号：2017041006557142写入日志成功.
执行日期：2017-04-10 16:50:54
responseTxt=true
 notify_url_log:isSign=true,code=alipay&payment_type=1&subject=2017041006557&trade_no=2017041021001004070298328727&buyer_email=tongwenping@163.com&gmt_create=2017-04-10 16:50:51&notify_type=trade_status_sync&quantity=1&out_trade_no=2017041006557142&seller_id=2088121905285245&notify_time=2017-04-10 16:50:52&body=2017041006557&trade_status=TRADE_SUCCESS&is_total_fee_adjust=N&total_fee=0.02&gmt_payment=2017-04-10 16:50:51&seller_email=zztt_zwzx@163.com&price=0.02&buyer_id=2088702006857072&notify_id=fa275366c4884851820f873e454ce58gji&use_coupon=N&sign_type=MD5&sign=27f1db977c7d41c7007d4b78dfd65f45
执行日期：2017-04-10 16:50:54
verify_result failed
执行日期：2017-04-10 16:50:54
verify_notify success
执行日期：2017-04-10 16:50:54
支付宝订单号：2017041006557142写入日志成功.
执行日期：2017-04-10 16:57:13
responseTxt=true
 notify_url_log:isSign=true,code=alipay&payment_type=1&subject=2017041006557&trade_no=2017041021001004070298328727&buyer_email=tongwenping@163.com&gmt_create=2017-04-10 16:50:51&notify_type=trade_status_sync&quantity=1&out_trade_no=2017041006557142&seller_id=2088121905285245&notify_time=2017-04-10 16:57:13&body=2017041006557&trade_status=TRADE_SUCCESS&is_total_fee_adjust=N&total_fee=0.02&gmt_payment=2017-04-10 16:50:51&seller_email=zztt_zwzx@163.com&price=0.02&buyer_id=2088702006857072&notify_id=fa275366c4884851820f873e454ce58gji&use_coupon=N&sign_type=MD5&sign=50d249dd0af88aa261bd46ff9ee39eab
执行日期：2017-04-10 16:57:13
verify_result failed
执行日期：2017-04-10 16:57:13
verify_notify success
执行日期：2017-04-10 16:57:13
支付宝订单号：2017041006557142写入日志成功.
执行日期：2017-04-10 16:57:13
responseTxt=true
 notify_url_log:isSign=true,code=alipay&payment_type=1&subject=2017041006557&trade_no=2017041021001004070298328727&buyer_email=tongwenping@163.com&gmt_create=2017-04-10 16:50:51&notify_type=trade_status_sync&quantity=1&out_trade_no=2017041006557142&seller_id=2088121905285245&notify_time=2017-04-10 16:57:13&body=2017041006557&trade_status=TRADE_SUCCESS&is_total_fee_adjust=N&total_fee=0.02&gmt_payment=2017-04-10 16:50:51&seller_email=zztt_zwzx@163.com&price=0.02&buyer_id=2088702006857072&notify_id=fa275366c4884851820f873e454ce58gji&use_coupon=N&sign_type=MD5&sign=50d249dd0af88aa261bd46ff9ee39eab
执行日期：2017-04-10 16:57:13
verify_result failed
执行日期：2017-04-10 16:57:13
verify_notify success
执行日期：2017-04-10 16:57:13
支付宝订单号：2017041006557142写入日志成功.
执行日期：2017-04-10 17:04:38
responseTxt=true
 notify_url_log:isSign=true,code=alipay&payment_type=1&subject=2017041006557&trade_no=2017041021001004070298328727&buyer_email=tongwenping@163.com&gmt_create=2017-04-10 16:50:51&notify_type=trade_status_sync&quantity=1&out_trade_no=2017041006557142&seller_id=2088121905285245&notify_time=2017-04-10 17:04:37&body=2017041006557&trade_status=TRADE_SUCCESS&is_total_fee_adjust=N&total_fee=0.02&gmt_payment=2017-04-10 16:50:51&seller_email=zztt_zwzx@163.com&price=0.02&buyer_id=2088702006857072&notify_id=fa275366c4884851820f873e454ce58gji&use_coupon=N&sign_type=MD5&sign=f69f92c3a135590d42eb325b366221af
执行日期：2017-04-10 17:04:38
verify_result failed
执行日期：2017-04-10 17:04:38
verify_notify success
执行日期：2017-04-10 17:04:38
支付宝订单号：2017041006557142写入日志成功.
执行日期：2017-04-10 17:04:38
responseTxt=true
 notify_url_log:isSign=true,code=alipay&payment_type=1&subject=2017041006557&trade_no=2017041021001004070298328727&buyer_email=tongwenping@163.com&gmt_create=2017-04-10 16:50:51&notify_type=trade_status_sync&quantity=1&out_trade_no=2017041006557142&seller_id=2088121905285245&notify_time=2017-04-10 17:04:37&body=2017041006557&trade_status=TRADE_SUCCESS&is_total_fee_adjust=N&total_fee=0.02&gmt_payment=2017-04-10 16:50:51&seller_email=zztt_zwzx@163.com&price=0.02&buyer_id=2088702006857072&notify_id=fa275366c4884851820f873e454ce58gji&use_coupon=N&sign_type=MD5&sign=f69f92c3a135590d42eb325b366221af
执行日期：2017-04-10 17:04:38
verify_result failed
执行日期：2017-04-10 17:04:38
verify_notify success
执行日期：2017-04-10 17:04:38
支付宝订单号：2017041006557142写入日志成功.
执行日期：2017-04-10 17:14:40
responseTxt=true
 notify_url_log:isSign=true,code=alipay&payment_type=1&subject=2017041006557&trade_no=2017041021001004070298328727&buyer_email=tongwenping@163.com&gmt_create=2017-04-10 16:50:51&notify_type=trade_status_sync&quantity=1&out_trade_no=2017041006557142&seller_id=2088121905285245&notify_time=2017-04-10 17:14:40&body=2017041006557&trade_status=TRADE_SUCCESS&is_total_fee_adjust=N&total_fee=0.02&gmt_payment=2017-04-10 16:50:51&seller_email=zztt_zwzx@163.com&price=0.02&buyer_id=2088702006857072&notify_id=fa275366c4884851820f873e454ce58gji&use_coupon=N&sign_type=MD5&sign=3232e09f4e6d2f07f4102cabc7f01379
执行日期：2017-04-10 17:14:40
verify_result failed
执行日期：2017-04-10 17:14:40
verify_notify success
执行日期：2017-04-10 17:14:40
支付宝订单号：2017041006557142写入日志成功.
执行日期：2017-04-10 17:14:40
responseTxt=true
 notify_url_log:isSign=true,code=alipay&payment_type=1&subject=2017041006557&trade_no=2017041021001004070298328727&buyer_email=tongwenping@163.com&gmt_create=2017-04-10 16:50:51&notify_type=trade_status_sync&quantity=1&out_trade_no=2017041006557142&seller_id=2088121905285245&notify_time=2017-04-10 17:14:40&body=2017041006557&trade_status=TRADE_SUCCESS&is_total_fee_adjust=N&total_fee=0.02&gmt_payment=2017-04-10 16:50:51&seller_email=zztt_zwzx@163.com&price=0.02&buyer_id=2088702006857072&notify_id=fa275366c4884851820f873e454ce58gji&use_coupon=N&sign_type=MD5&sign=3232e09f4e6d2f07f4102cabc7f01379
执行日期：2017-04-10 17:14:40
verify_result failed
执行日期：2017-04-10 17:14:40
verify_notify success
执行日期：2017-04-10 17:14:40
支付宝订单号：2017041006557142写入日志成功.
执行日期：2017-04-10 18:17:49
responseTxt=true
 notify_url_log:isSign=true,code=alipay&payment_type=1&subject=2017041006557&trade_no=2017041021001004070298328727&buyer_email=tongwenping@163.com&gmt_create=2017-04-10 16:50:51&notify_type=trade_status_sync&quantity=1&out_trade_no=2017041006557142&seller_id=2088121905285245&notify_time=2017-04-10 18:17:46&body=2017041006557&trade_status=TRADE_SUCCESS&is_total_fee_adjust=N&total_fee=0.02&gmt_payment=2017-04-10 16:50:51&seller_email=zztt_zwzx@163.com&price=0.02&buyer_id=2088702006857072&notify_id=fa275366c4884851820f873e454ce58gji&use_coupon=N&sign_type=MD5&sign=d4f146d5191a5e098356b8818e111e67
执行日期：2017-04-10 18:17:49
verify_result failed
执行日期：2017-04-10 18:17:49
verify_notify success
执行日期：2017-04-10 18:17:49
支付宝订单号：2017041006557142写入日志成功.
执行日期：2017-04-10 18:17:50
responseTxt=true
 notify_url_log:isSign=true,code=alipay&payment_type=1&subject=2017041006557&trade_no=2017041021001004070298328727&buyer_email=tongwenping@163.com&gmt_create=2017-04-10 16:50:51&notify_type=trade_status_sync&quantity=1&out_trade_no=2017041006557142&seller_id=2088121905285245&notify_time=2017-04-10 18:17:46&body=2017041006557&trade_status=TRADE_SUCCESS&is_total_fee_adjust=N&total_fee=0.02&gmt_payment=2017-04-10 16:50:51&seller_email=zztt_zwzx@163.com&price=0.02&buyer_id=2088702006857072&notify_id=fa275366c4884851820f873e454ce58gji&use_coupon=N&sign_type=MD5&sign=d4f146d5191a5e098356b8818e111e67
执行日期：2017-04-10 18:17:50
verify_result failed
执行日期：2017-04-10 18:17:50
verify_notify success
执行日期：2017-04-10 18:17:50
支付宝订单号：2017041006557142写入日志成功.
执行日期：2017-04-10 20:14:33
responseTxt=true
 notify_url_log:isSign=true,code=alipay&payment_type=1&subject=2017041006557&trade_no=2017041021001004070298328727&buyer_email=tongwenping@163.com&gmt_create=2017-04-10 16:50:51&notify_type=trade_status_sync&quantity=1&out_trade_no=2017041006557142&seller_id=2088121905285245&notify_time=2017-04-10 20:14:32&body=2017041006557&trade_status=TRADE_SUCCESS&is_total_fee_adjust=N&total_fee=0.02&gmt_payment=2017-04-10 16:50:51&seller_email=zztt_zwzx@163.com&price=0.02&buyer_id=2088702006857072&notify_id=fa275366c4884851820f873e454ce58gji&use_coupon=N&sign_type=MD5&sign=a9ec0f2dc0544d688ae6049c5bb0642a
执行日期：2017-04-10 20:14:33
verify_result failed
执行日期：2017-04-10 20:14:33
verify_notify success
执行日期：2017-04-10 20:14:33
支付宝订单号：2017041006557142写入日志成功.
执行日期：2017-04-10 20:14:33
responseTxt=true
 notify_url_log:isSign=true,code=alipay&payment_type=1&subject=2017041006557&trade_no=2017041021001004070298328727&buyer_email=tongwenping@163.com&gmt_create=2017-04-10 16:50:51&notify_type=trade_status_sync&quantity=1&out_trade_no=2017041006557142&seller_id=2088121905285245&notify_time=2017-04-10 20:14:32&body=2017041006557&trade_status=TRADE_SUCCESS&is_total_fee_adjust=N&total_fee=0.02&gmt_payment=2017-04-10 16:50:51&seller_email=zztt_zwzx@163.com&price=0.02&buyer_id=2088702006857072&notify_id=fa275366c4884851820f873e454ce58gji&use_coupon=N&sign_type=MD5&sign=a9ec0f2dc0544d688ae6049c5bb0642a
执行日期：2017-04-10 20:14:33
verify_result failed
执行日期：2017-04-10 20:14:33
verify_notify success
执行日期：2017-04-10 20:14:33
支付宝订单号：2017041006557142写入日志成功.
执行日期：2017-04-11 02:17:40
responseTxt=true
 notify_url_log:isSign=true,code=alipay&payment_type=1&subject=2017041006557&trade_no=2017041021001004070298328727&buyer_email=tongwenping@163.com&gmt_create=2017-04-10 16:50:51&notify_type=trade_status_sync&quantity=1&out_trade_no=2017041006557142&seller_id=2088121905285245&notify_time=2017-04-11 02:17:39&body=2017041006557&trade_status=TRADE_SUCCESS&is_total_fee_adjust=N&total_fee=0.02&gmt_payment=2017-04-10 16:50:51&seller_email=zztt_zwzx@163.com&price=0.02&buyer_id=2088702006857072&notify_id=fa275366c4884851820f873e454ce58gji&use_coupon=N&sign_type=MD5&sign=f44ebc9c6af853447171cb3092f1c804
执行日期：2017-04-11 02:17:40
verify_result failed
执行日期：2017-04-11 02:17:40
verify_notify success
执行日期：2017-04-11 02:17:40
支付宝订单号：2017041006557142写入日志成功.
执行日期：2017-04-11 02:17:40
responseTxt=true
 notify_url_log:isSign=true,code=alipay&payment_type=1&subject=2017041006557&trade_no=2017041021001004070298328727&buyer_email=tongwenping@163.com&gmt_create=2017-04-10 16:50:51&notify_type=trade_status_sync&quantity=1&out_trade_no=2017041006557142&seller_id=2088121905285245&notify_time=2017-04-11 02:17:39&body=2017041006557&trade_status=TRADE_SUCCESS&is_total_fee_adjust=N&total_fee=0.02&gmt_payment=2017-04-10 16:50:51&seller_email=zztt_zwzx@163.com&price=0.02&buyer_id=2088702006857072&notify_id=fa275366c4884851820f873e454ce58gji&use_coupon=N&sign_type=MD5&sign=f44ebc9c6af853447171cb3092f1c804
执行日期：2017-04-11 02:17:40
verify_result failed
执行日期：2017-04-11 02:17:40
verify_notify success
执行日期：2017-04-11 02:17:40
支付宝订单号：2017041006557142写入日志成功.
执行日期：2017-04-11 17:16:43
responseTxt=true
 notify_url_log:isSign=true,code=alipay&payment_type=1&subject=2017041006557&trade_no=2017041021001004070298328727&buyer_email=tongwenping@163.com&gmt_create=2017-04-10 16:50:51&notify_type=trade_status_sync&quantity=1&out_trade_no=2017041006557142&seller_id=2088121905285245&notify_time=2017-04-11 17:16:43&body=2017041006557&trade_status=TRADE_SUCCESS&is_total_fee_adjust=N&total_fee=0.02&gmt_payment=2017-04-10 16:50:51&seller_email=zztt_zwzx@163.com&price=0.02&buyer_id=2088702006857072&notify_id=fa275366c4884851820f873e454ce58gji&use_coupon=N&sign_type=MD5&sign=413e1e6f16189563e0a77b7d68965aef
执行日期：2017-04-11 17:16:43
verify_result failed
执行日期：2017-04-11 17:16:43
verify_notify success
执行日期：2017-04-11 17:16:43
支付宝订单号：2017041006557142写入日志成功.
执行日期：2017-04-11 17:16:44
responseTxt=true
 notify_url_log:isSign=true,code=alipay&payment_type=1&subject=2017041006557&trade_no=2017041021001004070298328727&buyer_email=tongwenping@163.com&gmt_create=2017-04-10 16:50:51&notify_type=trade_status_sync&quantity=1&out_trade_no=2017041006557142&seller_id=2088121905285245&notify_time=2017-04-11 17:16:43&body=2017041006557&trade_status=TRADE_SUCCESS&is_total_fee_adjust=N&total_fee=0.02&gmt_payment=2017-04-10 16:50:51&seller_email=zztt_zwzx@163.com&price=0.02&buyer_id=2088702006857072&notify_id=fa275366c4884851820f873e454ce58gji&use_coupon=N&sign_type=MD5&sign=413e1e6f16189563e0a77b7d68965aef
执行日期：2017-04-11 17:16:44
verify_result failed
执行日期：2017-04-11 17:16:44
verify_notify success
执行日期：2017-04-11 17:16:44
支付宝订单号：2017041006557142写入日志成功.
||||||| .r540
=======
执行日期：2017-04-12 00:43:16
verify_result failed
执行日期：2017-04-12 00:43:19
verify_notify failed
执行日期：2017-04-12 00:46:35
verify_result failed
执行日期：2017-04-12 00:46:36
verify_notify failed
<<<<<<< .mine
>>>>>>> .r542
||||||| .r545
=======

>>>>>>> .r546
